2026-05-18T01:14:10.924+07:00  INFO 27088 --- [quanlythuvien] [main] c.h.library.LibraryBackendApplication    : Starting LibraryBackendApplication using Java 17.0.12 with PID 27088 (C:\Users\Admin\Desktop\workSpace\MNM_PJ2\OPEN_SOURCE-WEB_APP-MANAGEMENT-LIBRARY\backend\target\classes started by Admin in C:\Users\Admin\Desktop\workSpace\MNM_PJ2\OPEN_SOURCE-WEB_APP-MANAGEMENT-LIBRARY)
2026-05-18T01:14:10.934+07:00  INFO 27088 --- [quanlythuvien] [main] c.h.library.LibraryBackendApplication    : No active profile set, falling back to 1 default profile: "default"
2026-05-18T01:14:11.905+07:00  INFO 27088 --- [quanlythuvien] [main] .s.d.r.c.RepositoryConfigurationDelegate : Bootstrapping Spring Data JPA repositories in DEFAULT mode.
2026-05-18T01:14:12.010+07:00  INFO 27088 --- [quanlythuvien] [main] .s.d.r.c.RepositoryConfigurationDelegate : Finished Spring Data repository scanning in 96 ms. Found 15 JPA repository interfaces.
2026-05-18T01:14:12.927+07:00  INFO 27088 --- [quanlythuvien] [main] o.s.boot.tomcat.TomcatWebServer          : Tomcat initialized with port 8080 (http)
2026-05-18T01:14:12.960+07:00  INFO 27088 --- [quanlythuvien] [main] o.apache.catalina.core.StandardService   : Starting service [Tomcat]
2026-05-18T01:14:12.961+07:00  INFO 27088 --- [quanlythuvien] [main] o.apache.catalina.core.StandardEngine    : Starting Servlet engine: [Apache Tomcat/11.0.20]
2026-05-18T01:14:13.059+07:00  INFO 27088 --- [quanlythuvien] [main] b.w.c.s.WebApplicationContextInitializer : Root WebApplicationContext: initialization completed in 2061 ms
2026-05-18T01:14:13.378+07:00  INFO 27088 --- [quanlythuvien] [main] org.hibernate.orm.jpa                    : HHH008540: Processing PersistenceUnitInfo [name: default]
2026-05-18T01:14:13.540+07:00  INFO 27088 --- [quanlythuvien] [main] org.hibernate.orm.core                   : HHH000001: Hibernate ORM core version 7.2.7.Final
2026-05-18T01:14:14.036+07:00  INFO 27088 --- [quanlythuvien] [main] o.s.o.j.p.SpringPersistenceUnitInfo      : No LoadTimeWeaver setup: ignoring JPA class transformer
2026-05-18T01:14:14.068+07:00  INFO 27088 --- [quanlythuvien] [main] com.zaxxer.hikari.HikariDataSource       : HikariPool-1 - Starting...
2026-05-18T01:14:14.252+07:00  INFO 27088 --- [quanlythuvien] [main] com.zaxxer.hikari.pool.HikariPool        : HikariPool-1 - Added connection org.postgresql.jdbc.PgConnection@1f3f434
2026-05-18T01:14:14.253+07:00  INFO 27088 --- [quanlythuvien] [main] com.zaxxer.hikari.HikariDataSource       : HikariPool-1 - Start completed.
2026-05-18T01:14:14.335+07:00  INFO 27088 --- [quanlythuvien] [main] org.hibernate.orm.connections.pooling    : HHH10001005: Database info:
	Database JDBC URL [jdbc:postgresql://localhost:5432/quanlythuvien]
	Database driver: PostgreSQL JDBC Driver
	Database dialect: PostgreSQLDialect
	Database version: 18.1
	Default catalog/schema: quanlythuvien/public
	Autocommit mode: undefined/unknown
	Isolation level: READ_COMMITTED [default READ_COMMITTED]
	JDBC fetch size: none
	Pool: DataSourceConnectionProvider
	Minimum pool size: undefined/unknown
	Maximum pool size: undefined/unknown
2026-05-18T01:14:15.614+07:00  INFO 27088 --- [quanlythuvien] [main] org.hibernate.orm.core                   : HHH000489: No JTA platform available (set 'hibernate.transaction.jta.platform' to enable JTA platform integration)
2026-05-18T01:14:15.708+07:00  INFO 27088 --- [quanlythuvien] [main] j.LocalContainerEntityManagerFactoryBean : Initialized JPA EntityManagerFactory for persistence unit 'default'
2026-05-18T01:14:15.771+07:00  INFO 27088 --- [quanlythuvien] [main] o.s.d.j.r.query.QueryEnhancerFactories   : Hibernate is in classpath; If applicable, HQL parser will be used.
2026-05-18T01:14:17.622+07:00  INFO 27088 --- [quanlythuvien] [main] eAuthenticationProviderManagerConfigurer : Global AuthenticationManager configured with AuthenticationProvider bean with name authenticationProvider
2026-05-18T01:14:17.623+07:00  WARN 27088 --- [quanlythuvien] [main] r$InitializeUserDetailsManagerConfigurer : Global AuthenticationManager configured with an AuthenticationProvider bean. UserDetailsService beans will not be used by Spring Security for automatically configuring username/password login. Consider removing the AuthenticationProvider bean. Alternatively, consider using the UserDetailsService in a manually instantiated DaoAuthenticationProvider. If the current configuration is intentional, to turn off this warning, increase the logging level of 'org.springframework.security.config.annotation.authentication.configuration.InitializeUserDetailsBeanManagerConfigurer' to ERROR
2026-05-18T01:14:18.134+07:00  WARN 27088 --- [quanlythuvien] [main] JpaBaseConfiguration$JpaWebConfiguration : spring.jpa.open-in-view is enabled by default. Therefore, database queries may be performed during view rendering. Explicitly configure spring.jpa.open-in-view to disable this warning
2026-05-18T01:14:18.946+07:00  INFO 27088 --- [quanlythuvien] [main] o.s.boot.tomcat.TomcatWebServer          : Tomcat started on port 8080 (http) with context path '/'
2026-05-18T01:14:18.961+07:00  INFO 27088 --- [quanlythuvien] [main] c.h.library.LibraryBackendApplication    : Started LibraryBackendApplication in 8.524 seconds (process running for 8.934)
2026-05-18T01:14:19.063+07:00  INFO 27088 --- [quanlythuvien] [main] com.hcmunre.library.config.DataSeeder    : ℹ️ Bảng người dùng đã có dữ liệu — bỏ qua seed users
2026-05-18T01:14:39.302+07:00  INFO 27088 --- [quanlythuvien] [http-nio-8080-exec-1] o.a.c.c.C.[Tomcat].[localhost].[/]       : Initializing Spring DispatcherServlet 'dispatcherServlet'
2026-05-18T01:14:39.302+07:00  INFO 27088 --- [quanlythuvien] [http-nio-8080-exec-1] o.s.web.servlet.DispatcherServlet        : Initializing Servlet 'dispatcherServlet'
2026-05-18T01:14:39.304+07:00  INFO 27088 --- [quanlythuvien] [http-nio-8080-exec-1] o.s.web.servlet.DispatcherServlet        : Completed initialization in 2 ms
2026-05-18T01:14:39.540+07:00  WARN 27088 --- [quanlythuvien] [http-nio-8080-exec-1] ration$PageModule$WarningLoggingModifier : Serializing PageImpl instances as-is is not supported, meaning that there is no guarantee about the stability of the resulting JSON structure!
	For a stable JSON structure, please use Spring Data's PagedModel (globally via @EnableSpringDataWebSupport(pageSerializationMode = VIA_DTO))
	or Spring HATEOAS and Spring Data's PagedResourcesAssembler as documented in https://docs.spring.io/spring-data/commons/reference/repositories/core-extensions.html#core.web.pageables.

2026-05-18T01:15:05.377+07:00  INFO 27088 --- [quanlythuvien] [http-nio-8080-exec-3] c.h.l.s.implement.AuthServiceImplement   : Đăng nhập thành công cho email: admin@library.edu.vn
2026-05-18T01:26:24.048+07:00  INFO 27088 --- [quanlythuvien] [http-nio-8080-exec-10] c.h.l.s.implement.AuthServiceImplement   : Đăng nhập thành công cho email: admin@library.edu.vn
2026-05-18T01:33:06.324+07:00 ERROR 27088 --- [quanlythuvien] [http-nio-8080-exec-5] c.h.l.s.i.ImportExcelServiceImplement    : Lỗi đọc file Excel: Validation failed for classes [com.hcmunre.library.entity.NguoiDung] during persist time for groups [jakarta.validation.groups.Default, ]
List of constraint violations:[
	ConstraintViolationImpl{interpolatedMessage='Email không đúng định dạng', propertyPath=email, rootBeanClass=class com.hcmunre.library.entity.NguoiDung, messageTemplate='Email không đúng định dạng'}
	ConstraintViolationImpl{interpolatedMessage='Số điện thoại phải có 10 chữ số và bắt đầu bằng số 0', propertyPath=soDienThoai, rootBeanClass=class com.hcmunre.library.entity.NguoiDung, messageTemplate='Số điện thoại phải có 10 chữ số và bắt đầu bằng số 0'}
]

jakarta.validation.ConstraintViolationException: Validation failed for classes [com.hcmunre.library.entity.NguoiDung] during persist time for groups [jakarta.validation.groups.Default, ]
List of constraint violations:[
	ConstraintViolationImpl{interpolatedMessage='Email không đúng định dạng', propertyPath=email, rootBeanClass=class com.hcmunre.library.entity.NguoiDung, messageTemplate='Email không đúng định dạng'}
	ConstraintViolationImpl{interpolatedMessage='Số điện thoại phải có 10 chữ số và bắt đầu bằng số 0', propertyPath=soDienThoai, rootBeanClass=class com.hcmunre.library.entity.NguoiDung, messageTemplate='Số điện thoại phải có 10 chữ số và bắt đầu bằng số 0'}
]
	at org.hibernate.boot.beanvalidation.BeanValidationEventListener.validate(BeanValidationEventListener.java:153) ~[hibernate-core-7.2.7.Final.jar:7.2.7.Final]
	at org.hibernate.boot.beanvalidation.BeanValidationEventListener.onPreInsert(BeanValidationEventListener.java:77) ~[hibernate-core-7.2.7.Final.jar:7.2.7.Final]
	at org.hibernate.action.internal.EntityInsertAction.preInsert(EntityInsertAction.java:244) ~[hibernate-core-7.2.7.Final.jar:7.2.7.Final]
	at org.hibernate.action.internal.EntityInsertAction.execute(EntityInsertAction.java:99) ~[hibernate-core-7.2.7.Final.jar:7.2.7.Final]
	at org.hibernate.engine.spi.ActionQueue.executeActions(ActionQueue.java:634) ~[hibernate-core-7.2.7.Final.jar:7.2.7.Final]
	at org.hibernate.engine.spi.ActionQueue.executeActions(ActionQueue.java:505) ~[hibernate-core-7.2.7.Final.jar:7.2.7.Final]
	at org.hibernate.event.internal.AbstractFlushingEventListener.performExecutions(AbstractFlushingEventListener.java:381) ~[hibernate-core-7.2.7.Final.jar:7.2.7.Final]
	at org.hibernate.event.internal.DefaultAutoFlushEventListener.onAutoFlush(DefaultAutoFlushEventListener.java:56) ~[hibernate-core-7.2.7.Final.jar:7.2.7.Final]
	at org.hibernate.event.service.internal.EventListenerGroupImpl.fireEventOnEachListener(EventListenerGroupImpl.java:138) ~[hibernate-core-7.2.7.Final.jar:7.2.7.Final]
	at org.hibernate.internal.SessionImpl.autoFlushIfRequired(SessionImpl.java:1435) ~[hibernate-core-7.2.7.Final.jar:7.2.7.Final]
	at org.hibernate.query.sqm.internal.ConcreteSqmSelectQueryPlan.lambda$new$1(ConcreteSqmSelectQueryPlan.java:126) ~[hibernate-core-7.2.7.Final.jar:7.2.7.Final]
	at org.hibernate.query.sqm.internal.ConcreteSqmSelectQueryPlan.withCacheableSqmInterpretation(ConcreteSqmSelectQueryPlan.java:427) ~[hibernate-core-7.2.7.Final.jar:7.2.7.Final]
	at org.hibernate.query.sqm.internal.ConcreteSqmSelectQueryPlan.performList(ConcreteSqmSelectQueryPlan.java:355) ~[hibernate-core-7.2.7.Final.jar:7.2.7.Final]
	at org.hibernate.query.sqm.internal.SqmQueryImpl.doList(SqmQueryImpl.java:374) ~[hibernate-core-7.2.7.Final.jar:7.2.7.Final]
	at org.hibernate.query.spi.AbstractSelectionQuery.list(AbstractSelectionQuery.java:153) ~[hibernate-core-7.2.7.Final.jar:7.2.7.Final]
	at org.hibernate.query.Query.getResultList(Query.java:121) ~[hibernate-core-7.2.7.Final.jar:7.2.7.Final]
	at org.springframework.data.jpa.repository.query.JpaQueryExecution$ExistsExecution.doExecute(JpaQueryExecution.java:440) ~[spring-data-jpa-4.0.4.jar:4.0.4]
	at org.springframework.data.jpa.repository.query.JpaQueryExecution.execute(JpaQueryExecution.java:99) ~[spring-data-jpa-4.0.4.jar:4.0.4]
	at org.springframework.data.jpa.repository.query.AbstractJpaQuery.doExecute(AbstractJpaQuery.java:164) ~[spring-data-jpa-4.0.4.jar:4.0.4]
	at org.springframework.data.jpa.repository.query.AbstractJpaQuery.execute(AbstractJpaQuery.java:154) ~[spring-data-jpa-4.0.4.jar:4.0.4]
	at org.springframework.data.repository.core.support.RepositoryMethodInvoker.doInvoke(RepositoryMethodInvoker.java:169) ~[spring-data-commons-4.0.4.jar:4.0.4]
	at org.springframework.data.repository.core.support.RepositoryMethodInvoker.invoke(RepositoryMethodInvoker.java:158) ~[spring-data-commons-4.0.4.jar:4.0.4]
	at org.springframework.data.repository.core.support.QueryExecutorMethodInterceptor.doInvoke(QueryExecutorMethodInterceptor.java:167) ~[spring-data-commons-4.0.4.jar:4.0.4]
	at org.springframework.data.repository.core.support.QueryExecutorMethodInterceptor.invoke(QueryExecutorMethodInterceptor.java:146) ~[spring-data-commons-4.0.4.jar:4.0.4]
	at org.springframework.aop.framework.ReflectiveMethodInvocation.proceed(ReflectiveMethodInvocation.java:179) ~[spring-aop-7.0.6.jar:7.0.6]
	at org.springframework.data.projection.DefaultMethodInvokingMethodInterceptor.invoke(DefaultMethodInvokingMethodInterceptor.java:69) ~[spring-data-commons-4.0.4.jar:4.0.4]
	at org.springframework.aop.framework.ReflectiveMethodInvocation.proceed(ReflectiveMethodInvocation.java:179) ~[spring-aop-7.0.6.jar:7.0.6]
	at org.springframework.transaction.interceptor.TransactionInterceptor$1.proceedWithInvocation(TransactionInterceptor.java:133) ~[spring-tx-7.0.6.jar:7.0.6]
	at org.springframework.transaction.interceptor.TransactionAspectSupport.invokeWithinTransaction(TransactionAspectSupport.java:371) ~[spring-tx-7.0.6.jar:7.0.6]
	at org.springframework.transaction.interceptor.TransactionInterceptor.invoke(TransactionInterceptor.java:130) ~[spring-tx-7.0.6.jar:7.0.6]
	at org.springframework.aop.framework.ReflectiveMethodInvocation.proceed(ReflectiveMethodInvocation.java:179) ~[spring-aop-7.0.6.jar:7.0.6]
	at org.springframework.dao.support.PersistenceExceptionTranslationInterceptor.invoke(PersistenceExceptionTranslationInterceptor.java:135) ~[spring-tx-7.0.6.jar:7.0.6]
	at org.springframework.aop.framework.ReflectiveMethodInvocation.proceed(ReflectiveMethodInvocation.java:179) ~[spring-aop-7.0.6.jar:7.0.6]
	at org.springframework.data.jpa.repository.support.CrudMethodMetadataPostProcessor$CrudMethodMetadataPopulatingMethodInterceptor.invoke(CrudMethodMetadataPostProcessor.java:137) ~[spring-data-jpa-4.0.4.jar:4.0.4]
	at org.springframework.aop.framework.ReflectiveMethodInvocation.proceed(ReflectiveMethodInvocation.java:179) ~[spring-aop-7.0.6.jar:7.0.6]
	at org.springframework.aop.framework.JdkDynamicAopProxy.invoke(JdkDynamicAopProxy.java:222) ~[spring-aop-7.0.6.jar:7.0.6]
	at jdk.proxy2/jdk.proxy2.$Proxy159.existsByEmail(Unknown Source) ~[na:na]
	at com.hcmunre.library.service.implement.ImportExcelServiceImplement.parseRow(ImportExcelServiceImplement.java:97) ~[classes/:na]
	at com.hcmunre.library.service.implement.ImportExcelServiceImplement.importNguoiDung(ImportExcelServiceImplement.java:62) ~[classes/:na]
	at java.base/jdk.internal.reflect.NativeMethodAccessorImpl.invoke0(Native Method) ~[na:na]
	at java.base/jdk.internal.reflect.NativeMethodAccessorImpl.invoke(NativeMethodAccessorImpl.java:77) ~[na:na]
	at java.base/jdk.internal.reflect.DelegatingMethodAccessorImpl.invoke(DelegatingMethodAccessorImpl.java:43) ~[na:na]
	at java.base/java.lang.reflect.Method.invoke(Method.java:568) ~[na:na]
	at org.springframework.aop.support.AopUtils.invokeJoinpointUsingReflection(AopUtils.java:359) ~[spring-aop-7.0.6.jar:7.0.6]
	at org.springframework.aop.framework.ReflectiveMethodInvocation.invokeJoinpoint(ReflectiveMethodInvocation.java:190) ~[spring-aop-7.0.6.jar:7.0.6]
	at org.springframework.aop.framework.ReflectiveMethodInvocation.proceed(ReflectiveMethodInvocation.java:158) ~[spring-aop-7.0.6.jar:7.0.6]
	at org.springframework.transaction.interceptor.TransactionInterceptor$1.proceedWithInvocation(TransactionInterceptor.java:133) ~[spring-tx-7.0.6.jar:7.0.6]
	at org.springframework.transaction.interceptor.TransactionAspectSupport.invokeWithinTransaction(TransactionAspectSupport.java:371) ~[spring-tx-7.0.6.jar:7.0.6]
	at org.springframework.transaction.interceptor.TransactionInterceptor.invoke(TransactionInterceptor.java:130) ~[spring-tx-7.0.6.jar:7.0.6]
	at org.springframework.aop.framework.ReflectiveMethodInvocation.proceed(ReflectiveMethodInvocation.java:179) ~[spring-aop-7.0.6.jar:7.0.6]
	at org.springframework.aop.framework.CglibAopProxy$DynamicAdvisedInterceptor.intercept(CglibAopProxy.java:719) ~[spring-aop-7.0.6.jar:7.0.6]
	at com.hcmunre.library.service.implement.ImportExcelServiceImplement$$SpringCGLIB$$0.importNguoiDung(<generated>) ~[classes/:na]
	at com.hcmunre.library.controller.NguoiDungController.importFromExcel(NguoiDungController.java:88) ~[classes/:na]
	at java.base/jdk.internal.reflect.NativeMethodAccessorImpl.invoke0(Native Method) ~[na:na]
	at java.base/jdk.internal.reflect.NativeMethodAccessorImpl.invoke(NativeMethodAccessorImpl.java:77) ~[na:na]
	at java.base/jdk.internal.reflect.DelegatingMethodAccessorImpl.invoke(DelegatingMethodAccessorImpl.java:43) ~[na:na]
	at java.base/java.lang.reflect.Method.invoke(Method.java:568) ~[na:na]
	at org.springframework.aop.support.AopUtils.invokeJoinpointUsingReflection(AopUtils.java:359) ~[spring-aop-7.0.6.jar:7.0.6]
	at org.springframework.aop.framework.ReflectiveMethodInvocation.invokeJoinpoint(ReflectiveMethodInvocation.java:190) ~[spring-aop-7.0.6.jar:7.0.6]
	at org.springframework.aop.framework.ReflectiveMethodInvocation.proceed(ReflectiveMethodInvocation.java:158) ~[spring-aop-7.0.6.jar:7.0.6]
	at org.springframework.security.authorization.method.AuthorizationManagerBeforeMethodInterceptor.proceed(AuthorizationManagerBeforeMethodInterceptor.java:271) ~[spring-security-core-7.0.4.jar:7.0.4]
	at org.springframework.security.authorization.method.AuthorizationManagerBeforeMethodInterceptor.attemptAuthorization(AuthorizationManagerBeforeMethodInterceptor.java:266) ~[spring-security-core-7.0.4.jar:7.0.4]
	at org.springframework.security.authorization.method.AuthorizationManagerBeforeMethodInterceptor.invoke(AuthorizationManagerBeforeMethodInterceptor.java:197) ~[spring-security-core-7.0.4.jar:7.0.4]
	at org.springframework.security.config.annotation.method.configuration.DeferringMethodInterceptor.invoke(DeferringMethodInterceptor.java:44) ~[spring-security-config-7.0.4.jar:7.0.4]
	at org.springframework.aop.framework.ReflectiveMethodInvocation.proceed(ReflectiveMethodInvocation.java:179) ~[spring-aop-7.0.6.jar:7.0.6]
	at org.springframework.aop.framework.CglibAopProxy$DynamicAdvisedInterceptor.intercept(CglibAopProxy.java:719) ~[spring-aop-7.0.6.jar:7.0.6]
	at com.hcmunre.library.controller.NguoiDungController$$SpringCGLIB$$0.importFromExcel(<generated>) ~[classes/:na]
	at java.base/jdk.internal.reflect.NativeMethodAccessorImpl.invoke0(Native Method) ~[na:na]
	at java.base/jdk.internal.reflect.NativeMethodAccessorImpl.invoke(NativeMethodAccessorImpl.java:77) ~[na:na]
	at java.base/jdk.internal.reflect.DelegatingMethodAccessorImpl.invoke(DelegatingMethodAccessorImpl.java:43) ~[na:na]
	at java.base/java.lang.reflect.Method.invoke(Method.java:568) ~[na:na]
	at org.springframework.web.method.support.InvocableHandlerMethod.doInvoke(InvocableHandlerMethod.java:252) ~[spring-web-7.0.6.jar:7.0.6]
	at org.springframework.web.method.support.InvocableHandlerMethod.invokeForRequest(InvocableHandlerMethod.java:184) ~[spring-web-7.0.6.jar:7.0.6]
	at org.springframework.web.servlet.mvc.method.annotation.ServletInvocableHandlerMethod.invokeAndHandle(ServletInvocableHandlerMethod.java:117) ~[spring-webmvc-7.0.6.jar:7.0.6]
	at org.springframework.web.servlet.mvc.method.annotation.RequestMappingHandlerAdapter.invokeHandlerMethod(RequestMappingHandlerAdapter.java:934) ~[spring-webmvc-7.0.6.jar:7.0.6]
	at org.springframework.web.servlet.mvc.method.annotation.RequestMappingHandlerAdapter.handleInternal(RequestMappingHandlerAdapter.java:853) ~[spring-webmvc-7.0.6.jar:7.0.6]
	at org.springframework.web.servlet.mvc.method.AbstractHandlerMethodAdapter.handle(AbstractHandlerMethodAdapter.java:86) ~[spring-webmvc-7.0.6.jar:7.0.6]
	at org.springframework.web.servlet.DispatcherServlet.doDispatch(DispatcherServlet.java:963) ~[spring-webmvc-7.0.6.jar:7.0.6]
	at org.springframework.web.servlet.DispatcherServlet.doService(DispatcherServlet.java:866) ~[spring-webmvc-7.0.6.jar:7.0.6]
	at org.springframework.web.servlet.FrameworkServlet.processRequest(FrameworkServlet.java:1000) ~[spring-webmvc-7.0.6.jar:7.0.6]
	at org.springframework.web.servlet.FrameworkServlet.doPost(FrameworkServlet.java:903) ~[spring-webmvc-7.0.6.jar:7.0.6]
	at jakarta.servlet.http.HttpServlet.service(HttpServlet.java:649) ~[tomcat-embed-core-11.0.20.jar:6.1]
	at org.springframework.web.servlet.FrameworkServlet.service(FrameworkServlet.java:874) ~[spring-webmvc-7.0.6.jar:7.0.6]
	at jakarta.servlet.http.HttpServlet.service(HttpServlet.java:710) ~[tomcat-embed-core-11.0.20.jar:6.1]
	at org.apache.catalina.core.ApplicationFilterChain.doFilter(ApplicationFilterChain.java:128) ~[tomcat-embed-core-11.0.20.jar:11.0.20]
	at org.apache.tomcat.websocket.server.WsFilter.doFilter(WsFilter.java:53) ~[tomcat-embed-websocket-11.0.20.jar:11.0.20]
	at org.apache.catalina.core.ApplicationFilterChain.doFilter(ApplicationFilterChain.java:107) ~[tomcat-embed-core-11.0.20.jar:11.0.20]
	at org.springframework.web.filter.OncePerRequestFilter.doFilter(OncePerRequestFilter.java:110) ~[spring-web-7.0.6.jar:7.0.6]
	at org.apache.catalina.core.ApplicationFilterChain.doFilter(ApplicationFilterChain.java:107) ~[tomcat-embed-core-11.0.20.jar:11.0.20]
	at org.springframework.web.filter.CompositeFilter$VirtualFilterChain.doFilter(CompositeFilter.java:108) ~[spring-web-7.0.6.jar:7.0.6]
	at org.springframework.security.web.FilterChainProxy.lambda$doFilterInternal$3(FilterChainProxy.java:235) ~[spring-security-web-7.0.4.jar:7.0.4]
	at org.springframework.security.web.FilterChainProxy$VirtualFilterChain.doFilter(FilterChainProxy.java:371) ~[spring-security-web-7.0.4.jar:7.0.4]
	at org.springframework.security.web.access.intercept.AuthorizationFilter.doFilter(AuthorizationFilter.java:101) ~[spring-security-web-7.0.4.jar:7.0.4]
	at org.springframework.security.web.FilterChainProxy$VirtualFilterChain.doFilter(FilterChainProxy.java:380) ~[spring-security-web-7.0.4.jar:7.0.4]
	at org.springframework.security.web.access.ExceptionTranslationFilter.doFilter(ExceptionTranslationFilter.java:126) ~[spring-security-web-7.0.4.jar:7.0.4]
	at org.springframework.security.web.access.ExceptionTranslationFilter.doFilter(ExceptionTranslationFilter.java:120) ~[spring-security-web-7.0.4.jar:7.0.4]
	at org.springframework.security.web.FilterChainProxy$VirtualFilterChain.doFilter(FilterChainProxy.java:380) ~[spring-security-web-7.0.4.jar:7.0.4]
	at org.springframework.security.web.session.SessionManagementFilter.doFilter(SessionManagementFilter.java:132) ~[spring-security-web-7.0.4.jar:7.0.4]
	at org.springframework.security.web.session.SessionManagementFilter.doFilter(SessionManagementFilter.java:86) ~[spring-security-web-7.0.4.jar:7.0.4]
	at org.springframework.security.web.FilterChainProxy$VirtualFilterChain.doFilter(FilterChainProxy.java:380) ~[spring-security-web-7.0.4.jar:7.0.4]
	at org.springframework.security.web.authentication.AnonymousAuthenticationFilter.doFilter(AnonymousAuthenticationFilter.java:100) ~[spring-security-web-7.0.4.jar:7.0.4]
	at org.springframework.security.web.FilterChainProxy$VirtualFilterChain.doFilter(FilterChainProxy.java:380) ~[spring-security-web-7.0.4.jar:7.0.4]
	at org.springframework.security.web.servletapi.SecurityContextHolderAwareRequestFilter.doFilter(SecurityContextHolderAwareRequestFilter.java:181) ~[spring-security-web-7.0.4.jar:7.0.4]
	at org.springframework.security.web.FilterChainProxy$VirtualFilterChain.doFilter(FilterChainProxy.java:380) ~[spring-security-web-7.0.4.jar:7.0.4]
	at org.springframework.security.web.savedrequest.RequestCacheAwareFilter.doFilter(RequestCacheAwareFilter.java:63) ~[spring-security-web-7.0.4.jar:7.0.4]
	at org.springframework.security.web.FilterChainProxy$VirtualFilterChain.doFilter(FilterChainProxy.java:380) ~[spring-security-web-7.0.4.jar:7.0.4]
	at com.hcmunre.library.security.JwtAuthenticationFilter.doFilterInternal(JwtAuthenticationFilter.java:85) ~[classes/:na]
	at org.springframework.web.filter.OncePerRequestFilter.doFilter(OncePerRequestFilter.java:116) ~[spring-web-7.0.6.jar:7.0.6]
	at org.springframework.security.web.FilterChainProxy$VirtualFilterChain.doFilter(FilterChainProxy.java:380) ~[spring-security-web-7.0.4.jar:7.0.4]
	at org.springframework.security.web.authentication.logout.LogoutFilter.doFilter(LogoutFilter.java:110) ~[spring-security-web-7.0.4.jar:7.0.4]
	at org.springframework.security.web.authentication.logout.LogoutFilter.doFilter(LogoutFilter.java:96) ~[spring-security-web-7.0.4.jar:7.0.4]
	at org.springframework.security.web.FilterChainProxy$VirtualFilterChain.doFilter(FilterChainProxy.java:380) ~[spring-security-web-7.0.4.jar:7.0.4]
	at org.springframework.web.filter.CorsFilter.doFilterInternal(CorsFilter.java:91) ~[spring-web-7.0.6.jar:7.0.6]
	at org.springframework.web.filter.OncePerRequestFilter.doFilter(OncePerRequestFilter.java:116) ~[spring-web-7.0.6.jar:7.0.6]
	at org.springframework.security.web.FilterChainProxy$VirtualFilterChain.doFilter(FilterChainProxy.java:380) ~[spring-security-web-7.0.4.jar:7.0.4]
	at org.springframework.security.web.header.HeaderWriterFilter.doHeadersAfter(HeaderWriterFilter.java:90) ~[spring-security-web-7.0.4.jar:7.0.4]
	at org.springframework.security.web.header.HeaderWriterFilter.doFilterInternal(HeaderWriterFilter.java:75) ~[spring-security-web-7.0.4.jar:7.0.4]
	at org.springframework.web.filter.OncePerRequestFilter.doFilter(OncePerRequestFilter.java:116) ~[spring-web-7.0.6.jar:7.0.6]
	at org.springframework.security.web.FilterChainProxy$VirtualFilterChain.doFilter(FilterChainProxy.java:380) ~[spring-security-web-7.0.4.jar:7.0.4]
	at org.springframework.security.web.context.SecurityContextHolderFilter.doFilter(SecurityContextHolderFilter.java:82) ~[spring-security-web-7.0.4.jar:7.0.4]
	at org.springframework.security.web.context.SecurityContextHolderFilter.doFilter(SecurityContextHolderFilter.java:69) ~[spring-security-web-7.0.4.jar:7.0.4]
	at org.springframework.security.web.FilterChainProxy$VirtualFilterChain.doFilter(FilterChainProxy.java:380) ~[spring-security-web-7.0.4.jar:7.0.4]
	at org.springframework.security.web.context.request.async.WebAsyncManagerIntegrationFilter.doFilterInternal(WebAsyncManagerIntegrationFilter.java:62) ~[spring-security-web-7.0.4.jar:7.0.4]
	at org.springframework.web.filter.OncePerRequestFilter.doFilter(OncePerRequestFilter.java:116) ~[spring-web-7.0.6.jar:7.0.6]
	at org.springframework.security.web.FilterChainProxy$VirtualFilterChain.doFilter(FilterChainProxy.java:380) ~[spring-security-web-7.0.4.jar:7.0.4]
	at org.springframework.security.web.session.DisableEncodeUrlFilter.doFilterInternal(DisableEncodeUrlFilter.java:42) ~[spring-security-web-7.0.4.jar:7.0.4]
	at org.springframework.web.filter.OncePerRequestFilter.doFilter(OncePerRequestFilter.java:116) ~[spring-web-7.0.6.jar:7.0.6]
	at org.springframework.security.web.FilterChainProxy$VirtualFilterChain.doFilter(FilterChainProxy.java:380) ~[spring-security-web-7.0.4.jar:7.0.4]
	at org.springframework.security.web.FilterChainProxy.doFilterInternal(FilterChainProxy.java:237) ~[spring-security-web-7.0.4.jar:7.0.4]
	at org.springframework.security.web.FilterChainProxy.doFilter(FilterChainProxy.java:195) ~[spring-security-web-7.0.4.jar:7.0.4]
	at org.springframework.web.filter.CompositeFilter$VirtualFilterChain.doFilter(CompositeFilter.java:113) ~[spring-web-7.0.6.jar:7.0.6]
	at org.springframework.web.filter.ServletRequestPathFilter.doFilter(ServletRequestPathFilter.java:52) ~[spring-web-7.0.6.jar:7.0.6]
	at org.springframework.web.filter.CompositeFilter$VirtualFilterChain.doFilter(CompositeFilter.java:113) ~[spring-web-7.0.6.jar:7.0.6]
	at org.springframework.web.filter.CompositeFilter.doFilter(CompositeFilter.java:74) ~[spring-web-7.0.6.jar:7.0.6]
	at org.springframework.security.config.annotation.web.configuration.WebSecurityConfiguration$CompositeFilterChainProxy.doFilter(WebSecurityConfiguration.java:317) ~[spring-security-config-7.0.4.jar:7.0.4]
	at org.springframework.web.filter.DelegatingFilterProxy.invokeDelegate(DelegatingFilterProxy.java:355) ~[spring-web-7.0.6.jar:7.0.6]
	at org.springframework.web.filter.DelegatingFilterProxy.doFilter(DelegatingFilterProxy.java:272) ~[spring-web-7.0.6.jar:7.0.6]
	at org.apache.catalina.core.ApplicationFilterChain.doFilter(ApplicationFilterChain.java:107) ~[tomcat-embed-core-11.0.20.jar:11.0.20]
	at org.springframework.web.filter.RequestContextFilter.doFilterInternal(RequestContextFilter.java:100) ~[spring-web-7.0.6.jar:7.0.6]
	at org.springframework.web.filter.OncePerRequestFilter.doFilter(OncePerRequestFilter.java:116) ~[spring-web-7.0.6.jar:7.0.6]
	at org.apache.catalina.core.ApplicationFilterChain.doFilter(ApplicationFilterChain.java:107) ~[tomcat-embed-core-11.0.20.jar:11.0.20]
	at org.springframework.web.filter.FormContentFilter.doFilterInternal(FormContentFilter.java:93) ~[spring-web-7.0.6.jar:7.0.6]
	at org.springframework.web.filter.OncePerRequestFilter.doFilter(OncePerRequestFilter.java:116) ~[spring-web-7.0.6.jar:7.0.6]
	at org.apache.catalina.core.ApplicationFilterChain.doFilter(ApplicationFilterChain.java:107) ~[tomcat-embed-core-11.0.20.jar:11.0.20]
	at org.springframework.web.filter.CharacterEncodingFilter.doFilterInternal(CharacterEncodingFilter.java:199) ~[spring-web-7.0.6.jar:7.0.6]
	at org.springframework.web.filter.OncePerRequestFilter.doFilter(OncePerRequestFilter.java:116) ~[spring-web-7.0.6.jar:7.0.6]
	at org.apache.catalina.core.ApplicationFilterChain.doFilter(ApplicationFilterChain.java:107) ~[tomcat-embed-core-11.0.20.jar:11.0.20]
	at org.apache.catalina.core.StandardWrapperValve.invoke(StandardWrapperValve.java:165) ~[tomcat-embed-core-11.0.20.jar:11.0.20]
	at org.apache.catalina.core.StandardContextValve.invoke(StandardContextValve.java:77) ~[tomcat-embed-core-11.0.20.jar:11.0.20]
	at org.apache.catalina.authenticator.AuthenticatorBase.invoke(AuthenticatorBase.java:492) ~[tomcat-embed-core-11.0.20.jar:11.0.20]
	at org.apache.catalina.core.StandardHostValve.invoke(StandardHostValve.java:113) ~[tomcat-embed-core-11.0.20.jar:11.0.20]
	at org.apache.catalina.valves.ErrorReportValve.invoke(ErrorReportValve.java:83) ~[tomcat-embed-core-11.0.20.jar:11.0.20]
	at org.apache.catalina.core.StandardEngineValve.invoke(StandardEngineValve.java:72) ~[tomcat-embed-core-11.0.20.jar:11.0.20]
	at org.apache.catalina.connector.CoyoteAdapter.service(CoyoteAdapter.java:341) ~[tomcat-embed-core-11.0.20.jar:11.0.20]
	at org.apache.coyote.http11.Http11Processor.service(Http11Processor.java:397) ~[tomcat-embed-core-11.0.20.jar:11.0.20]
	at org.apache.coyote.AbstractProcessorLight.process(AbstractProcessorLight.java:63) ~[tomcat-embed-core-11.0.20.jar:11.0.20]
	at org.apache.coyote.AbstractProtocol$ConnectionHandler.process(AbstractProtocol.java:903) ~[tomcat-embed-core-11.0.20.jar:11.0.20]
	at org.apache.tomcat.util.net.NioEndpoint$SocketProcessor.doRun(NioEndpoint.java:1779) ~[tomcat-embed-core-11.0.20.jar:11.0.20]
	at org.apache.tomcat.util.net.SocketProcessorBase.run(SocketProcessorBase.java:52) ~[tomcat-embed-core-11.0.20.jar:11.0.20]
	at org.apache.tomcat.util.threads.ThreadPoolExecutor.runWorker(ThreadPoolExecutor.java:946) ~[tomcat-embed-core-11.0.20.jar:11.0.20]
	at org.apache.tomcat.util.threads.ThreadPoolExecutor$Worker.run(ThreadPoolExecutor.java:480) ~[tomcat-embed-core-11.0.20.jar:11.0.20]
	at org.apache.tomcat.util.threads.TaskThread$WrappingRunnable.run(TaskThread.java:57) ~[tomcat-embed-core-11.0.20.jar:11.0.20]
	at java.base/java.lang.Thread.run(Thread.java:842) ~[na:na]

2026-05-18T01:33:27.827+07:00 ERROR 27088 --- [quanlythuvien] [http-nio-8080-exec-8] c.h.l.s.i.ImportExcelServiceImplement    : Lỗi đọc file Excel: Validation failed for classes [com.hcmunre.library.entity.NguoiDung] during persist time for groups [jakarta.validation.groups.Default, ]
List of constraint violations:[
	ConstraintViolationImpl{interpolatedMessage='Số điện thoại phải có 10 chữ số và bắt đầu bằng số 0', propertyPath=soDienThoai, rootBeanClass=class com.hcmunre.library.entity.NguoiDung, messageTemplate='Số điện thoại phải có 10 chữ số và bắt đầu bằng số 0'}
	ConstraintViolationImpl{interpolatedMessage='Email không đúng định dạng', propertyPath=email, rootBeanClass=class com.hcmunre.library.entity.NguoiDung, messageTemplate='Email không đúng định dạng'}
]

jakarta.validation.ConstraintViolationException: Validation failed for classes [com.hcmunre.library.entity.NguoiDung] during persist time for groups [jakarta.validation.groups.Default, ]
List of constraint violations:[
	ConstraintViolationImpl{interpolatedMessage='Số điện thoại phải có 10 chữ số và bắt đầu bằng số 0', propertyPath=soDienThoai, rootBeanClass=class com.hcmunre.library.entity.NguoiDung, messageTemplate='Số điện thoại phải có 10 chữ số và bắt đầu bằng số 0'}
	ConstraintViolationImpl{interpolatedMessage='Email không đúng định dạng', propertyPath=email, rootBeanClass=class com.hcmunre.library.entity.NguoiDung, messageTemplate='Email không đúng định dạng'}
]
	at org.hibernate.boot.beanvalidation.BeanValidationEventListener.validate(BeanValidationEventListener.java:153) ~[hibernate-core-7.2.7.Final.jar:7.2.7.Final]
	at org.hibernate.boot.beanvalidation.BeanValidationEventListener.onPreInsert(BeanValidationEventListener.java:77) ~[hibernate-core-7.2.7.Final.jar:7.2.7.Final]
	at org.hibernate.action.internal.EntityInsertAction.preInsert(EntityInsertAction.java:244) ~[hibernate-core-7.2.7.Final.jar:7.2.7.Final]
	at org.hibernate.action.internal.EntityInsertAction.execute(EntityInsertAction.java:99) ~[hibernate-core-7.2.7.Final.jar:7.2.7.Final]
	at org.hibernate.engine.spi.ActionQueue.executeActions(ActionQueue.java:634) ~[hibernate-core-7.2.7.Final.jar:7.2.7.Final]
	at org.hibernate.engine.spi.ActionQueue.executeActions(ActionQueue.java:505) ~[hibernate-core-7.2.7.Final.jar:7.2.7.Final]
	at org.hibernate.event.internal.AbstractFlushingEventListener.performExecutions(AbstractFlushingEventListener.java:381) ~[hibernate-core-7.2.7.Final.jar:7.2.7.Final]
	at org.hibernate.event.internal.DefaultAutoFlushEventListener.onAutoFlush(DefaultAutoFlushEventListener.java:56) ~[hibernate-core-7.2.7.Final.jar:7.2.7.Final]
	at org.hibernate.event.service.internal.EventListenerGroupImpl.fireEventOnEachListener(EventListenerGroupImpl.java:138) ~[hibernate-core-7.2.7.Final.jar:7.2.7.Final]
	at org.hibernate.internal.SessionImpl.autoFlushIfRequired(SessionImpl.java:1435) ~[hibernate-core-7.2.7.Final.jar:7.2.7.Final]
	at org.hibernate.query.sqm.internal.ConcreteSqmSelectQueryPlan.lambda$new$1(ConcreteSqmSelectQueryPlan.java:126) ~[hibernate-core-7.2.7.Final.jar:7.2.7.Final]
	at org.hibernate.query.sqm.internal.ConcreteSqmSelectQueryPlan.withCacheableSqmInterpretation(ConcreteSqmSelectQueryPlan.java:427) ~[hibernate-core-7.2.7.Final.jar:7.2.7.Final]
	at org.hibernate.query.sqm.internal.ConcreteSqmSelectQueryPlan.performList(ConcreteSqmSelectQueryPlan.java:355) ~[hibernate-core-7.2.7.Final.jar:7.2.7.Final]
	at org.hibernate.query.sqm.internal.SqmQueryImpl.doList(SqmQueryImpl.java:374) ~[hibernate-core-7.2.7.Final.jar:7.2.7.Final]
	at org.hibernate.query.spi.AbstractSelectionQuery.list(AbstractSelectionQuery.java:153) ~[hibernate-core-7.2.7.Final.jar:7.2.7.Final]
	at org.hibernate.query.Query.getResultList(Query.java:121) ~[hibernate-core-7.2.7.Final.jar:7.2.7.Final]
	at org.springframework.data.jpa.repository.query.JpaQueryExecution$ExistsExecution.doExecute(JpaQueryExecution.java:440) ~[spring-data-jpa-4.0.4.jar:4.0.4]
	at org.springframework.data.jpa.repository.query.JpaQueryExecution.execute(JpaQueryExecution.java:99) ~[spring-data-jpa-4.0.4.jar:4.0.4]
	at org.springframework.data.jpa.repository.query.AbstractJpaQuery.doExecute(AbstractJpaQuery.java:164) ~[spring-data-jpa-4.0.4.jar:4.0.4]
	at org.springframework.data.jpa.repository.query.AbstractJpaQuery.execute(AbstractJpaQuery.java:154) ~[spring-data-jpa-4.0.4.jar:4.0.4]
	at org.springframework.data.repository.core.support.RepositoryMethodInvoker.doInvoke(RepositoryMethodInvoker.java:169) ~[spring-data-commons-4.0.4.jar:4.0.4]
	at org.springframework.data.repository.core.support.RepositoryMethodInvoker.invoke(RepositoryMethodInvoker.java:158) ~[spring-data-commons-4.0.4.jar:4.0.4]
	at org.springframework.data.repository.core.support.QueryExecutorMethodInterceptor.doInvoke(QueryExecutorMethodInterceptor.java:167) ~[spring-data-commons-4.0.4.jar:4.0.4]
	at org.springframework.data.repository.core.support.QueryExecutorMethodInterceptor.invoke(QueryExecutorMethodInterceptor.java:146) ~[spring-data-commons-4.0.4.jar:4.0.4]
	at org.springframework.aop.framework.ReflectiveMethodInvocation.proceed(ReflectiveMethodInvocation.java:179) ~[spring-aop-7.0.6.jar:7.0.6]
	at org.springframework.data.projection.DefaultMethodInvokingMethodInterceptor.invoke(DefaultMethodInvokingMethodInterceptor.java:69) ~[spring-data-commons-4.0.4.jar:4.0.4]
	at org.springframework.aop.framework.ReflectiveMethodInvocation.proceed(ReflectiveMethodInvocation.java:179) ~[spring-aop-7.0.6.jar:7.0.6]
	at org.springframework.transaction.interceptor.TransactionInterceptor$1.proceedWithInvocation(TransactionInterceptor.java:133) ~[spring-tx-7.0.6.jar:7.0.6]
	at org.springframework.transaction.interceptor.TransactionAspectSupport.invokeWithinTransaction(TransactionAspectSupport.java:371) ~[spring-tx-7.0.6.jar:7.0.6]
	at org.springframework.transaction.interceptor.TransactionInterceptor.invoke(TransactionInterceptor.java:130) ~[spring-tx-7.0.6.jar:7.0.6]
	at org.springframework.aop.framework.ReflectiveMethodInvocation.proceed(ReflectiveMethodInvocation.java:179) ~[spring-aop-7.0.6.jar:7.0.6]
	at org.springframework.dao.support.PersistenceExceptionTranslationInterceptor.invoke(PersistenceExceptionTranslationInterceptor.java:135) ~[spring-tx-7.0.6.jar:7.0.6]
	at org.springframework.aop.framework.ReflectiveMethodInvocation.proceed(ReflectiveMethodInvocation.java:179) ~[spring-aop-7.0.6.jar:7.0.6]
	at org.springframework.data.jpa.repository.support.CrudMethodMetadataPostProcessor$CrudMethodMetadataPopulatingMethodInterceptor.invoke(CrudMethodMetadataPostProcessor.java:137) ~[spring-data-jpa-4.0.4.jar:4.0.4]
	at org.springframework.aop.framework.ReflectiveMethodInvocation.proceed(ReflectiveMethodInvocation.java:179) ~[spring-aop-7.0.6.jar:7.0.6]
	at org.springframework.aop.framework.JdkDynamicAopProxy.invoke(JdkDynamicAopProxy.java:222) ~[spring-aop-7.0.6.jar:7.0.6]
	at jdk.proxy2/jdk.proxy2.$Proxy159.existsByEmail(Unknown Source) ~[na:na]
	at com.hcmunre.library.service.implement.ImportExcelServiceImplement.parseRow(ImportExcelServiceImplement.java:97) ~[classes/:na]
	at com.hcmunre.library.service.implement.ImportExcelServiceImplement.importNguoiDung(ImportExcelServiceImplement.java:62) ~[classes/:na]
	at java.base/jdk.internal.reflect.NativeMethodAccessorImpl.invoke0(Native Method) ~[na:na]
	at java.base/jdk.internal.reflect.NativeMethodAccessorImpl.invoke(NativeMethodAccessorImpl.java:77) ~[na:na]
	at java.base/jdk.internal.reflect.DelegatingMethodAccessorImpl.invoke(DelegatingMethodAccessorImpl.java:43) ~[na:na]
	at java.base/java.lang.reflect.Method.invoke(Method.java:568) ~[na:na]
	at org.springframework.aop.support.AopUtils.invokeJoinpointUsingReflection(AopUtils.java:359) ~[spring-aop-7.0.6.jar:7.0.6]
	at org.springframework.aop.framework.ReflectiveMethodInvocation.invokeJoinpoint(ReflectiveMethodInvocation.java:190) ~[spring-aop-7.0.6.jar:7.0.6]
	at org.springframework.aop.framework.ReflectiveMethodInvocation.proceed(ReflectiveMethodInvocation.java:158) ~[spring-aop-7.0.6.jar:7.0.6]
	at org.springframework.transaction.interceptor.TransactionInterceptor$1.proceedWithInvocation(TransactionInterceptor.java:133) ~[spring-tx-7.0.6.jar:7.0.6]
	at org.springframework.transaction.interceptor.TransactionAspectSupport.invokeWithinTransaction(TransactionAspectSupport.java:371) ~[spring-tx-7.0.6.jar:7.0.6]
	at org.springframework.transaction.interceptor.TransactionInterceptor.invoke(TransactionInterceptor.java:130) ~[spring-tx-7.0.6.jar:7.0.6]
	at org.springframework.aop.framework.ReflectiveMethodInvocation.proceed(ReflectiveMethodInvocation.java:179) ~[spring-aop-7.0.6.jar:7.0.6]
	at org.springframework.aop.framework.CglibAopProxy$DynamicAdvisedInterceptor.intercept(CglibAopProxy.java:719) ~[spring-aop-7.0.6.jar:7.0.6]
	at com.hcmunre.library.service.implement.ImportExcelServiceImplement$$SpringCGLIB$$0.importNguoiDung(<generated>) ~[classes/:na]
	at com.hcmunre.library.controller.NguoiDungController.importFromExcel(NguoiDungController.java:88) ~[classes/:na]
	at java.base/jdk.internal.reflect.NativeMethodAccessorImpl.invoke0(Native Method) ~[na:na]
	at java.base/jdk.internal.reflect.NativeMethodAccessorImpl.invoke(NativeMethodAccessorImpl.java:77) ~[na:na]
	at java.base/jdk.internal.reflect.DelegatingMethodAccessorImpl.invoke(DelegatingMethodAccessorImpl.java:43) ~[na:na]
	at java.base/java.lang.reflect.Method.invoke(Method.java:568) ~[na:na]
	at org.springframework.aop.support.AopUtils.invokeJoinpointUsingReflection(AopUtils.java:359) ~[spring-aop-7.0.6.jar:7.0.6]
	at org.springframework.aop.framework.ReflectiveMethodInvocation.invokeJoinpoint(ReflectiveMethodInvocation.java:190) ~[spring-aop-7.0.6.jar:7.0.6]
	at org.springframework.aop.framework.ReflectiveMethodInvocation.proceed(ReflectiveMethodInvocation.java:158) ~[spring-aop-7.0.6.jar:7.0.6]
	at org.springframework.security.authorization.method.AuthorizationManagerBeforeMethodInterceptor.proceed(AuthorizationManagerBeforeMethodInterceptor.java:271) ~[spring-security-core-7.0.4.jar:7.0.4]
	at org.springframework.security.authorization.method.AuthorizationManagerBeforeMethodInterceptor.attemptAuthorization(AuthorizationManagerBeforeMethodInterceptor.java:266) ~[spring-security-core-7.0.4.jar:7.0.4]
	at org.springframework.security.authorization.method.AuthorizationManagerBeforeMethodInterceptor.invoke(AuthorizationManagerBeforeMethodInterceptor.java:197) ~[spring-security-core-7.0.4.jar:7.0.4]
	at org.springframework.security.config.annotation.method.configuration.DeferringMethodInterceptor.invoke(DeferringMethodInterceptor.java:44) ~[spring-security-config-7.0.4.jar:7.0.4]
	at org.springframework.aop.framework.ReflectiveMethodInvocation.proceed(ReflectiveMethodInvocation.java:179) ~[spring-aop-7.0.6.jar:7.0.6]
	at org.springframework.aop.framework.CglibAopProxy$DynamicAdvisedInterceptor.intercept(CglibAopProxy.java:719) ~[spring-aop-7.0.6.jar:7.0.6]
	at com.hcmunre.library.controller.NguoiDungController$$SpringCGLIB$$0.importFromExcel(<generated>) ~[classes/:na]
	at java.base/jdk.internal.reflect.NativeMethodAccessorImpl.invoke0(Native Method) ~[na:na]
	at java.base/jdk.internal.reflect.NativeMethodAccessorImpl.invoke(NativeMethodAccessorImpl.java:77) ~[na:na]
	at java.base/jdk.internal.reflect.DelegatingMethodAccessorImpl.invoke(DelegatingMethodAccessorImpl.java:43) ~[na:na]
	at java.base/java.lang.reflect.Method.invoke(Method.java:568) ~[na:na]
	at org.springframework.web.method.support.InvocableHandlerMethod.doInvoke(InvocableHandlerMethod.java:252) ~[spring-web-7.0.6.jar:7.0.6]
	at org.springframework.web.method.support.InvocableHandlerMethod.invokeForRequest(InvocableHandlerMethod.java:184) ~[spring-web-7.0.6.jar:7.0.6]
	at org.springframework.web.servlet.mvc.method.annotation.ServletInvocableHandlerMethod.invokeAndHandle(ServletInvocableHandlerMethod.java:117) ~[spring-webmvc-7.0.6.jar:7.0.6]
	at org.springframework.web.servlet.mvc.method.annotation.RequestMappingHandlerAdapter.invokeHandlerMethod(RequestMappingHandlerAdapter.java:934) ~[spring-webmvc-7.0.6.jar:7.0.6]
	at org.springframework.web.servlet.mvc.method.annotation.RequestMappingHandlerAdapter.handleInternal(RequestMappingHandlerAdapter.java:853) ~[spring-webmvc-7.0.6.jar:7.0.6]
	at org.springframework.web.servlet.mvc.method.AbstractHandlerMethodAdapter.handle(AbstractHandlerMethodAdapter.java:86) ~[spring-webmvc-7.0.6.jar:7.0.6]
	at org.springframework.web.servlet.DispatcherServlet.doDispatch(DispatcherServlet.java:963) ~[spring-webmvc-7.0.6.jar:7.0.6]
	at org.springframework.web.servlet.DispatcherServlet.doService(DispatcherServlet.java:866) ~[spring-webmvc-7.0.6.jar:7.0.6]
	at org.springframework.web.servlet.FrameworkServlet.processRequest(FrameworkServlet.java:1000) ~[spring-webmvc-7.0.6.jar:7.0.6]
	at org.springframework.web.servlet.FrameworkServlet.doPost(FrameworkServlet.java:903) ~[spring-webmvc-7.0.6.jar:7.0.6]
	at jakarta.servlet.http.HttpServlet.service(HttpServlet.java:649) ~[tomcat-embed-core-11.0.20.jar:6.1]
	at org.springframework.web.servlet.FrameworkServlet.service(FrameworkServlet.java:874) ~[spring-webmvc-7.0.6.jar:7.0.6]
	at jakarta.servlet.http.HttpServlet.service(HttpServlet.java:710) ~[tomcat-embed-core-11.0.20.jar:6.1]
	at org.apache.catalina.core.ApplicationFilterChain.doFilter(ApplicationFilterChain.java:128) ~[tomcat-embed-core-11.0.20.jar:11.0.20]
	at org.apache.tomcat.websocket.server.WsFilter.doFilter(WsFilter.java:53) ~[tomcat-embed-websocket-11.0.20.jar:11.0.20]
	at org.apache.catalina.core.ApplicationFilterChain.doFilter(ApplicationFilterChain.java:107) ~[tomcat-embed-core-11.0.20.jar:11.0.20]
	at org.springframework.web.filter.OncePerRequestFilter.doFilter(OncePerRequestFilter.java:110) ~[spring-web-7.0.6.jar:7.0.6]
	at org.apache.catalina.core.ApplicationFilterChain.doFilter(ApplicationFilterChain.java:107) ~[tomcat-embed-core-11.0.20.jar:11.0.20]
	at org.springframework.web.filter.CompositeFilter$VirtualFilterChain.doFilter(CompositeFilter.java:108) ~[spring-web-7.0.6.jar:7.0.6]
	at org.springframework.security.web.FilterChainProxy.lambda$doFilterInternal$3(FilterChainProxy.java:235) ~[spring-security-web-7.0.4.jar:7.0.4]
	at org.springframework.security.web.FilterChainProxy$VirtualFilterChain.doFilter(FilterChainProxy.java:371) ~[spring-security-web-7.0.4.jar:7.0.4]
	at org.springframework.security.web.access.intercept.AuthorizationFilter.doFilter(AuthorizationFilter.java:101) ~[spring-security-web-7.0.4.jar:7.0.4]
	at org.springframework.security.web.FilterChainProxy$VirtualFilterChain.doFilter(FilterChainProxy.java:380) ~[spring-security-web-7.0.4.jar:7.0.4]
	at org.springframework.security.web.access.ExceptionTranslationFilter.doFilter(ExceptionTranslationFilter.java:126) ~[spring-security-web-7.0.4.jar:7.0.4]
	at org.springframework.security.web.access.ExceptionTranslationFilter.doFilter(ExceptionTranslationFilter.java:120) ~[spring-security-web-7.0.4.jar:7.0.4]
	at org.springframework.security.web.FilterChainProxy$VirtualFilterChain.doFilter(FilterChainProxy.java:380) ~[spring-security-web-7.0.4.jar:7.0.4]
	at org.springframework.security.web.session.SessionManagementFilter.doFilter(SessionManagementFilter.java:132) ~[spring-security-web-7.0.4.jar:7.0.4]
	at org.springframework.security.web.session.SessionManagementFilter.doFilter(SessionManagementFilter.java:86) ~[spring-security-web-7.0.4.jar:7.0.4]
	at org.springframework.security.web.FilterChainProxy$VirtualFilterChain.doFilter(FilterChainProxy.java:380) ~[spring-security-web-7.0.4.jar:7.0.4]
	at org.springframework.security.web.authentication.AnonymousAuthenticationFilter.doFilter(AnonymousAuthenticationFilter.java:100) ~[spring-security-web-7.0.4.jar:7.0.4]
	at org.springframework.security.web.FilterChainProxy$VirtualFilterChain.doFilter(FilterChainProxy.java:380) ~[spring-security-web-7.0.4.jar:7.0.4]
	at org.springframework.security.web.servletapi.SecurityContextHolderAwareRequestFilter.doFilter(SecurityContextHolderAwareRequestFilter.java:181) ~[spring-security-web-7.0.4.jar:7.0.4]
	at org.springframework.security.web.FilterChainProxy$VirtualFilterChain.doFilter(FilterChainProxy.java:380) ~[spring-security-web-7.0.4.jar:7.0.4]
	at org.springframework.security.web.savedrequest.RequestCacheAwareFilter.doFilter(RequestCacheAwareFilter.java:63) ~[spring-security-web-7.0.4.jar:7.0.4]
	at org.springframework.security.web.FilterChainProxy$VirtualFilterChain.doFilter(FilterChainProxy.java:380) ~[spring-security-web-7.0.4.jar:7.0.4]
	at com.hcmunre.library.security.JwtAuthenticationFilter.doFilterInternal(JwtAuthenticationFilter.java:85) ~[classes/:na]
	at org.springframework.web.filter.OncePerRequestFilter.doFilter(OncePerRequestFilter.java:116) ~[spring-web-7.0.6.jar:7.0.6]
	at org.springframework.security.web.FilterChainProxy$VirtualFilterChain.doFilter(FilterChainProxy.java:380) ~[spring-security-web-7.0.4.jar:7.0.4]
	at org.springframework.security.web.authentication.logout.LogoutFilter.doFilter(LogoutFilter.java:110) ~[spring-security-web-7.0.4.jar:7.0.4]
	at org.springframework.security.web.authentication.logout.LogoutFilter.doFilter(LogoutFilter.java:96) ~[spring-security-web-7.0.4.jar:7.0.4]
	at org.springframework.security.web.FilterChainProxy$VirtualFilterChain.doFilter(FilterChainProxy.java:380) ~[spring-security-web-7.0.4.jar:7.0.4]
	at org.springframework.web.filter.CorsFilter.doFilterInternal(CorsFilter.java:91) ~[spring-web-7.0.6.jar:7.0.6]
	at org.springframework.web.filter.OncePerRequestFilter.doFilter(OncePerRequestFilter.java:116) ~[spring-web-7.0.6.jar:7.0.6]
	at org.springframework.security.web.FilterChainProxy$VirtualFilterChain.doFilter(FilterChainProxy.java:380) ~[spring-security-web-7.0.4.jar:7.0.4]
	at org.springframework.security.web.header.HeaderWriterFilter.doHeadersAfter(HeaderWriterFilter.java:90) ~[spring-security-web-7.0.4.jar:7.0.4]
	at org.springframework.security.web.header.HeaderWriterFilter.doFilterInternal(HeaderWriterFilter.java:75) ~[spring-security-web-7.0.4.jar:7.0.4]
	at org.springframework.web.filter.OncePerRequestFilter.doFilter(OncePerRequestFilter.java:116) ~[spring-web-7.0.6.jar:7.0.6]
	at org.springframework.security.web.FilterChainProxy$VirtualFilterChain.doFilter(FilterChainProxy.java:380) ~[spring-security-web-7.0.4.jar:7.0.4]
	at org.springframework.security.web.context.SecurityContextHolderFilter.doFilter(SecurityContextHolderFilter.java:82) ~[spring-security-web-7.0.4.jar:7.0.4]
	at org.springframework.security.web.context.SecurityContextHolderFilter.doFilter(SecurityContextHolderFilter.java:69) ~[spring-security-web-7.0.4.jar:7.0.4]
	at org.springframework.security.web.FilterChainProxy$VirtualFilterChain.doFilter(FilterChainProxy.java:380) ~[spring-security-web-7.0.4.jar:7.0.4]
	at org.springframework.security.web.context.request.async.WebAsyncManagerIntegrationFilter.doFilterInternal(WebAsyncManagerIntegrationFilter.java:62) ~[spring-security-web-7.0.4.jar:7.0.4]
	at org.springframework.web.filter.OncePerRequestFilter.doFilter(OncePerRequestFilter.java:116) ~[spring-web-7.0.6.jar:7.0.6]
	at org.springframework.security.web.FilterChainProxy$VirtualFilterChain.doFilter(FilterChainProxy.java:380) ~[spring-security-web-7.0.4.jar:7.0.4]
	at org.springframework.security.web.session.DisableEncodeUrlFilter.doFilterInternal(DisableEncodeUrlFilter.java:42) ~[spring-security-web-7.0.4.jar:7.0.4]
	at org.springframework.web.filter.OncePerRequestFilter.doFilter(OncePerRequestFilter.java:116) ~[spring-web-7.0.6.jar:7.0.6]
	at org.springframework.security.web.FilterChainProxy$VirtualFilterChain.doFilter(FilterChainProxy.java:380) ~[spring-security-web-7.0.4.jar:7.0.4]
	at org.springframework.security.web.FilterChainProxy.doFilterInternal(FilterChainProxy.java:237) ~[spring-security-web-7.0.4.jar:7.0.4]
	at org.springframework.security.web.FilterChainProxy.doFilter(FilterChainProxy.java:195) ~[spring-security-web-7.0.4.jar:7.0.4]
	at org.springframework.web.filter.CompositeFilter$VirtualFilterChain.doFilter(CompositeFilter.java:113) ~[spring-web-7.0.6.jar:7.0.6]
	at org.springframework.web.filter.ServletRequestPathFilter.doFilter(ServletRequestPathFilter.java:52) ~[spring-web-7.0.6.jar:7.0.6]
	at org.springframework.web.filter.CompositeFilter$VirtualFilterChain.doFilter(CompositeFilter.java:113) ~[spring-web-7.0.6.jar:7.0.6]
	at org.springframework.web.filter.CompositeFilter.doFilter(CompositeFilter.java:74) ~[spring-web-7.0.6.jar:7.0.6]
	at org.springframework.security.config.annotation.web.configuration.WebSecurityConfiguration$CompositeFilterChainProxy.doFilter(WebSecurityConfiguration.java:317) ~[spring-security-config-7.0.4.jar:7.0.4]
	at org.springframework.web.filter.DelegatingFilterProxy.invokeDelegate(DelegatingFilterProxy.java:355) ~[spring-web-7.0.6.jar:7.0.6]
	at org.springframework.web.filter.DelegatingFilterProxy.doFilter(DelegatingFilterProxy.java:272) ~[spring-web-7.0.6.jar:7.0.6]
	at org.apache.catalina.core.ApplicationFilterChain.doFilter(ApplicationFilterChain.java:107) ~[tomcat-embed-core-11.0.20.jar:11.0.20]
	at org.springframework.web.filter.RequestContextFilter.doFilterInternal(RequestContextFilter.java:100) ~[spring-web-7.0.6.jar:7.0.6]
	at org.springframework.web.filter.OncePerRequestFilter.doFilter(OncePerRequestFilter.java:116) ~[spring-web-7.0.6.jar:7.0.6]
	at org.apache.catalina.core.ApplicationFilterChain.doFilter(ApplicationFilterChain.java:107) ~[tomcat-embed-core-11.0.20.jar:11.0.20]
	at org.springframework.web.filter.FormContentFilter.doFilterInternal(FormContentFilter.java:93) ~[spring-web-7.0.6.jar:7.0.6]
	at org.springframework.web.filter.OncePerRequestFilter.doFilter(OncePerRequestFilter.java:116) ~[spring-web-7.0.6.jar:7.0.6]
	at org.apache.catalina.core.ApplicationFilterChain.doFilter(ApplicationFilterChain.java:107) ~[tomcat-embed-core-11.0.20.jar:11.0.20]
	at org.springframework.web.filter.CharacterEncodingFilter.doFilterInternal(CharacterEncodingFilter.java:199) ~[spring-web-7.0.6.jar:7.0.6]
	at org.springframework.web.filter.OncePerRequestFilter.doFilter(OncePerRequestFilter.java:116) ~[spring-web-7.0.6.jar:7.0.6]
	at org.apache.catalina.core.ApplicationFilterChain.doFilter(ApplicationFilterChain.java:107) ~[tomcat-embed-core-11.0.20.jar:11.0.20]
	at org.apache.catalina.core.StandardWrapperValve.invoke(StandardWrapperValve.java:165) ~[tomcat-embed-core-11.0.20.jar:11.0.20]
	at org.apache.catalina.core.StandardContextValve.invoke(StandardContextValve.java:77) ~[tomcat-embed-core-11.0.20.jar:11.0.20]
	at org.apache.catalina.authenticator.AuthenticatorBase.invoke(AuthenticatorBase.java:492) ~[tomcat-embed-core-11.0.20.jar:11.0.20]
	at org.apache.catalina.core.StandardHostValve.invoke(StandardHostValve.java:113) ~[tomcat-embed-core-11.0.20.jar:11.0.20]
	at org.apache.catalina.valves.ErrorReportValve.invoke(ErrorReportValve.java:83) ~[tomcat-embed-core-11.0.20.jar:11.0.20]
	at org.apache.catalina.core.StandardEngineValve.invoke(StandardEngineValve.java:72) ~[tomcat-embed-core-11.0.20.jar:11.0.20]
	at org.apache.catalina.connector.CoyoteAdapter.service(CoyoteAdapter.java:341) ~[tomcat-embed-core-11.0.20.jar:11.0.20]
	at org.apache.coyote.http11.Http11Processor.service(Http11Processor.java:397) ~[tomcat-embed-core-11.0.20.jar:11.0.20]
	at org.apache.coyote.AbstractProcessorLight.process(AbstractProcessorLight.java:63) ~[tomcat-embed-core-11.0.20.jar:11.0.20]
	at org.apache.coyote.AbstractProtocol$ConnectionHandler.process(AbstractProtocol.java:903) ~[tomcat-embed-core-11.0.20.jar:11.0.20]
	at org.apache.tomcat.util.net.NioEndpoint$SocketProcessor.doRun(NioEndpoint.java:1779) ~[tomcat-embed-core-11.0.20.jar:11.0.20]
	at org.apache.tomcat.util.net.SocketProcessorBase.run(SocketProcessorBase.java:52) ~[tomcat-embed-core-11.0.20.jar:11.0.20]
	at org.apache.tomcat.util.threads.ThreadPoolExecutor.runWorker(ThreadPoolExecutor.java:946) ~[tomcat-embed-core-11.0.20.jar:11.0.20]
	at org.apache.tomcat.util.threads.ThreadPoolExecutor$Worker.run(ThreadPoolExecutor.java:480) ~[tomcat-embed-core-11.0.20.jar:11.0.20]
	at org.apache.tomcat.util.threads.TaskThread$WrappingRunnable.run(TaskThread.java:57) ~[tomcat-embed-core-11.0.20.jar:11.0.20]
	at java.base/java.lang.Thread.run(Thread.java:842) ~[na:na]

2026-05-18T01:36:22.387+07:00  INFO 34720 --- [quanlythuvien] [main] c.h.library.LibraryBackendApplication    : Starting LibraryBackendApplication using Java 17.0.12 with PID 34720 (C:\Users\Admin\Desktop\workSpace\MNM_PJ2\OPEN_SOURCE-WEB_APP-MANAGEMENT-LIBRARY\backend\target\classes started by Admin in C:\Users\Admin\Desktop\workSpace\MNM_PJ2\OPEN_SOURCE-WEB_APP-MANAGEMENT-LIBRARY)
2026-05-18T01:36:22.393+07:00  INFO 34720 --- [quanlythuvien] [main] c.h.library.LibraryBackendApplication    : No active profile set, falling back to 1 default profile: "default"
2026-05-18T01:36:23.439+07:00  INFO 34720 --- [quanlythuvien] [main] .s.d.r.c.RepositoryConfigurationDelegate : Bootstrapping Spring Data JPA repositories in DEFAULT mode.
2026-05-18T01:36:23.562+07:00  INFO 34720 --- [quanlythuvien] [main] .s.d.r.c.RepositoryConfigurationDelegate : Finished Spring Data repository scanning in 110 ms. Found 15 JPA repository interfaces.
2026-05-18T01:36:24.460+07:00  INFO 34720 --- [quanlythuvien] [main] o.s.boot.tomcat.TomcatWebServer          : Tomcat initialized with port 8080 (http)
2026-05-18T01:36:24.483+07:00  INFO 34720 --- [quanlythuvien] [main] o.apache.catalina.core.StandardService   : Starting service [Tomcat]
2026-05-18T01:36:24.483+07:00  INFO 34720 --- [quanlythuvien] [main] o.apache.catalina.core.StandardEngine    : Starting Servlet engine: [Apache Tomcat/11.0.20]
2026-05-18T01:36:24.570+07:00  INFO 34720 --- [quanlythuvien] [main] b.w.c.s.WebApplicationContextInitializer : Root WebApplicationContext: initialization completed in 2110 ms
2026-05-18T01:36:24.794+07:00  INFO 34720 --- [quanlythuvien] [main] org.hibernate.orm.jpa                    : HHH008540: Processing PersistenceUnitInfo [name: default]
2026-05-18T01:36:24.960+07:00  INFO 34720 --- [quanlythuvien] [main] org.hibernate.orm.core                   : HHH000001: Hibernate ORM core version 7.2.7.Final
2026-05-18T01:36:25.636+07:00  INFO 34720 --- [quanlythuvien] [main] o.s.o.j.p.SpringPersistenceUnitInfo      : No LoadTimeWeaver setup: ignoring JPA class transformer
2026-05-18T01:36:25.675+07:00  INFO 34720 --- [quanlythuvien] [main] com.zaxxer.hikari.HikariDataSource       : HikariPool-1 - Starting...
2026-05-18T01:36:25.862+07:00  INFO 34720 --- [quanlythuvien] [main] com.zaxxer.hikari.pool.HikariPool        : HikariPool-1 - Added connection org.postgresql.jdbc.PgConnection@279e1422
2026-05-18T01:36:25.864+07:00  INFO 34720 --- [quanlythuvien] [main] com.zaxxer.hikari.HikariDataSource       : HikariPool-1 - Start completed.
2026-05-18T01:36:25.962+07:00  INFO 34720 --- [quanlythuvien] [main] org.hibernate.orm.connections.pooling    : HHH10001005: Database info:
	Database JDBC URL [jdbc:postgresql://localhost:5432/quanlythuvien]
	Database driver: PostgreSQL JDBC Driver
	Database dialect: PostgreSQLDialect
	Database version: 18.1
	Default catalog/schema: quanlythuvien/public
	Autocommit mode: undefined/unknown
	Isolation level: READ_COMMITTED [default READ_COMMITTED]
	JDBC fetch size: none
	Pool: DataSourceConnectionProvider
	Minimum pool size: undefined/unknown
	Maximum pool size: undefined/unknown
2026-05-18T01:36:27.229+07:00  INFO 34720 --- [quanlythuvien] [main] org.hibernate.orm.core                   : HHH000489: No JTA platform available (set 'hibernate.transaction.jta.platform' to enable JTA platform integration)
2026-05-18T01:36:27.317+07:00  INFO 34720 --- [quanlythuvien] [main] j.LocalContainerEntityManagerFactoryBean : Initialized JPA EntityManagerFactory for persistence unit 'default'
2026-05-18T01:36:27.390+07:00  INFO 34720 --- [quanlythuvien] [main] o.s.d.j.r.query.QueryEnhancerFactories   : Hibernate is in classpath; If applicable, HQL parser will be used.
2026-05-18T01:36:29.314+07:00  INFO 34720 --- [quanlythuvien] [main] eAuthenticationProviderManagerConfigurer : Global AuthenticationManager configured with AuthenticationProvider bean with name authenticationProvider
2026-05-18T01:36:29.316+07:00  WARN 34720 --- [quanlythuvien] [main] r$InitializeUserDetailsManagerConfigurer : Global AuthenticationManager configured with an AuthenticationProvider bean. UserDetailsService beans will not be used by Spring Security for automatically configuring username/password login. Consider removing the AuthenticationProvider bean. Alternatively, consider using the UserDetailsService in a manually instantiated DaoAuthenticationProvider. If the current configuration is intentional, to turn off this warning, increase the logging level of 'org.springframework.security.config.annotation.authentication.configuration.InitializeUserDetailsBeanManagerConfigurer' to ERROR
2026-05-18T01:36:29.858+07:00  WARN 34720 --- [quanlythuvien] [main] JpaBaseConfiguration$JpaWebConfiguration : spring.jpa.open-in-view is enabled by default. Therefore, database queries may be performed during view rendering. Explicitly configure spring.jpa.open-in-view to disable this warning
2026-05-18T01:36:30.827+07:00  INFO 34720 --- [quanlythuvien] [main] o.s.boot.tomcat.TomcatWebServer          : Tomcat started on port 8080 (http) with context path '/'
2026-05-18T01:36:30.841+07:00  INFO 34720 --- [quanlythuvien] [main] c.h.library.LibraryBackendApplication    : Started LibraryBackendApplication in 9.098 seconds (process running for 9.834)
2026-05-18T01:36:30.959+07:00  INFO 34720 --- [quanlythuvien] [main] com.hcmunre.library.config.DataSeeder    : ℹ️ Bảng người dùng đã có dữ liệu — bỏ qua seed users
2026-05-18T01:36:37.216+07:00  INFO 34720 --- [quanlythuvien] [http-nio-8080-exec-1] o.a.c.c.C.[Tomcat].[localhost].[/]       : Initializing Spring DispatcherServlet 'dispatcherServlet'
2026-05-18T01:36:37.217+07:00  INFO 34720 --- [quanlythuvien] [http-nio-8080-exec-1] o.s.web.servlet.DispatcherServlet        : Initializing Servlet 'dispatcherServlet'
2026-05-18T01:36:37.219+07:00  INFO 34720 --- [quanlythuvien] [http-nio-8080-exec-1] o.s.web.servlet.DispatcherServlet        : Completed initialization in 1 ms
2026-05-18T01:36:37.630+07:00  WARN 34720 --- [quanlythuvien] [http-nio-8080-exec-1] ration$PageModule$WarningLoggingModifier : Serializing PageImpl instances as-is is not supported, meaning that there is no guarantee about the stability of the resulting JSON structure!
	For a stable JSON structure, please use Spring Data's PagedModel (globally via @EnableSpringDataWebSupport(pageSerializationMode = VIA_DTO))
	or Spring HATEOAS and Spring Data's PagedResourcesAssembler as documented in https://docs.spring.io/spring-data/commons/reference/repositories/core-extensions.html#core.web.pageables.

2026-05-18T01:37:49.544+07:00  INFO 34720 --- [quanlythuvien] [http-nio-8080-exec-8] c.h.l.s.i.ImportExcelServiceImplement    : Import Excel hoàn tất: 1012/1012 thành công, 0 lỗi
2026-05-18T01:51:26.986+07:00  INFO 12604 --- [quanlythuvien] [main] c.h.library.LibraryBackendApplication    : Starting LibraryBackendApplication using Java 17.0.12 with PID 12604 (C:\Users\Admin\Desktop\workSpace\MNM_PJ2\OPEN_SOURCE-WEB_APP-MANAGEMENT-LIBRARY\backend\target\classes started by Admin in C:\Users\Admin\Desktop\workSpace\MNM_PJ2\OPEN_SOURCE-WEB_APP-MANAGEMENT-LIBRARY)
2026-05-18T01:51:26.991+07:00  INFO 12604 --- [quanlythuvien] [main] c.h.library.LibraryBackendApplication    : No active profile set, falling back to 1 default profile: "default"
2026-05-18T01:51:27.869+07:00  INFO 12604 --- [quanlythuvien] [main] .s.d.r.c.RepositoryConfigurationDelegate : Bootstrapping Spring Data JPA repositories in DEFAULT mode.
2026-05-18T01:51:27.985+07:00  INFO 12604 --- [quanlythuvien] [main] .s.d.r.c.RepositoryConfigurationDelegate : Finished Spring Data repository scanning in 107 ms. Found 15 JPA repository interfaces.
2026-05-18T01:51:28.772+07:00  INFO 12604 --- [quanlythuvien] [main] o.s.boot.tomcat.TomcatWebServer          : Tomcat initialized with port 8080 (http)
2026-05-18T01:51:28.812+07:00  INFO 12604 --- [quanlythuvien] [main] o.apache.catalina.core.StandardService   : Starting service [Tomcat]
2026-05-18T01:51:28.814+07:00  INFO 12604 --- [quanlythuvien] [main] o.apache.catalina.core.StandardEngine    : Starting Servlet engine: [Apache Tomcat/11.0.20]
2026-05-18T01:51:28.943+07:00  INFO 12604 --- [quanlythuvien] [main] b.w.c.s.WebApplicationContextInitializer : Root WebApplicationContext: initialization completed in 1883 ms
2026-05-18T01:51:29.275+07:00  INFO 12604 --- [quanlythuvien] [main] org.hibernate.orm.jpa                    : HHH008540: Processing PersistenceUnitInfo [name: default]
2026-05-18T01:51:29.437+07:00  INFO 12604 --- [quanlythuvien] [main] org.hibernate.orm.core                   : HHH000001: Hibernate ORM core version 7.2.7.Final
2026-05-18T01:51:29.949+07:00  INFO 12604 --- [quanlythuvien] [main] o.s.o.j.p.SpringPersistenceUnitInfo      : No LoadTimeWeaver setup: ignoring JPA class transformer
2026-05-18T01:51:29.980+07:00  INFO 12604 --- [quanlythuvien] [main] com.zaxxer.hikari.HikariDataSource       : HikariPool-1 - Starting...
2026-05-18T01:51:30.145+07:00  INFO 12604 --- [quanlythuvien] [main] com.zaxxer.hikari.pool.HikariPool        : HikariPool-1 - Added connection org.postgresql.jdbc.PgConnection@7157413e
2026-05-18T01:51:30.146+07:00  INFO 12604 --- [quanlythuvien] [main] com.zaxxer.hikari.HikariDataSource       : HikariPool-1 - Start completed.
2026-05-18T01:51:30.217+07:00  INFO 12604 --- [quanlythuvien] [main] org.hibernate.orm.connections.pooling    : HHH10001005: Database info:
	Database JDBC URL [jdbc:postgresql://localhost:5432/quanlythuvien]
	Database driver: PostgreSQL JDBC Driver
	Database dialect: PostgreSQLDialect
	Database version: 18.1
	Default catalog/schema: quanlythuvien/public
	Autocommit mode: undefined/unknown
	Isolation level: READ_COMMITTED [default READ_COMMITTED]
	JDBC fetch size: none
	Pool: DataSourceConnectionProvider
	Minimum pool size: undefined/unknown
	Maximum pool size: undefined/unknown
2026-05-18T01:51:31.422+07:00  INFO 12604 --- [quanlythuvien] [main] org.hibernate.orm.core                   : HHH000489: No JTA platform available (set 'hibernate.transaction.jta.platform' to enable JTA platform integration)
2026-05-18T01:51:31.518+07:00  INFO 12604 --- [quanlythuvien] [main] j.LocalContainerEntityManagerFactoryBean : Initialized JPA EntityManagerFactory for persistence unit 'default'
2026-05-18T01:51:31.583+07:00  INFO 12604 --- [quanlythuvien] [main] o.s.d.j.r.query.QueryEnhancerFactories   : Hibernate is in classpath; If applicable, HQL parser will be used.
2026-05-18T01:51:33.228+07:00  INFO 12604 --- [quanlythuvien] [main] eAuthenticationProviderManagerConfigurer : Global AuthenticationManager configured with AuthenticationProvider bean with name authenticationProvider
2026-05-18T01:51:33.229+07:00  WARN 12604 --- [quanlythuvien] [main] r$InitializeUserDetailsManagerConfigurer : Global AuthenticationManager configured with an AuthenticationProvider bean. UserDetailsService beans will not be used by Spring Security for automatically configuring username/password login. Consider removing the AuthenticationProvider bean. Alternatively, consider using the UserDetailsService in a manually instantiated DaoAuthenticationProvider. If the current configuration is intentional, to turn off this warning, increase the logging level of 'org.springframework.security.config.annotation.authentication.configuration.InitializeUserDetailsBeanManagerConfigurer' to ERROR
2026-05-18T01:51:33.670+07:00  WARN 12604 --- [quanlythuvien] [main] JpaBaseConfiguration$JpaWebConfiguration : spring.jpa.open-in-view is enabled by default. Therefore, database queries may be performed during view rendering. Explicitly configure spring.jpa.open-in-view to disable this warning
2026-05-18T01:51:34.507+07:00  INFO 12604 --- [quanlythuvien] [main] o.s.boot.tomcat.TomcatWebServer          : Tomcat started on port 8080 (http) with context path '/'
2026-05-18T01:51:34.526+07:00  INFO 12604 --- [quanlythuvien] [main] c.h.library.LibraryBackendApplication    : Started LibraryBackendApplication in 8.031 seconds (process running for 8.43)
2026-05-18T01:51:34.629+07:00  INFO 12604 --- [quanlythuvien] [main] com.hcmunre.library.config.DataSeeder    : ℹ️ Bảng người dùng đã có dữ liệu — bỏ qua seed users
2026-05-18T01:51:47.125+07:00  INFO 12604 --- [quanlythuvien] [http-nio-8080-exec-1] o.a.c.c.C.[Tomcat].[localhost].[/]       : Initializing Spring DispatcherServlet 'dispatcherServlet'
2026-05-18T01:51:47.125+07:00  INFO 12604 --- [quanlythuvien] [http-nio-8080-exec-1] o.s.web.servlet.DispatcherServlet        : Initializing Servlet 'dispatcherServlet'
2026-05-18T01:51:47.128+07:00  INFO 12604 --- [quanlythuvien] [http-nio-8080-exec-1] o.s.web.servlet.DispatcherServlet        : Completed initialization in 3 ms
2026-05-18T01:51:47.528+07:00  WARN 12604 --- [quanlythuvien] [http-nio-8080-exec-1] ration$PageModule$WarningLoggingModifier : Serializing PageImpl instances as-is is not supported, meaning that there is no guarantee about the stability of the resulting JSON structure!
	For a stable JSON structure, please use Spring Data's PagedModel (globally via @EnableSpringDataWebSupport(pageSerializationMode = VIA_DTO))
	or Spring HATEOAS and Spring Data's PagedResourcesAssembler as documented in https://docs.spring.io/spring-data/commons/reference/repositories/core-extensions.html#core.web.pageables.

2026-05-18T01:52:15.429+07:00  WARN 12604 --- [quanlythuvien] [http-nio-8080-exec-4] c.h.l.s.implement.AuthServiceImplement   : Đăng nhập thất bại cho email: 1250080027@sv.hcmunre.edu.vn
2026-05-18T01:54:24.448+07:00  WARN 12604 --- [quanlythuvien] [http-nio-8080-exec-7] c.h.l.s.implement.AuthServiceImplement   : Đăng nhập thất bại cho email: 1250080027@sv.hcmunre.edu.vn
2026-05-18T01:54:58.324+07:00  WARN 12604 --- [quanlythuvien] [http-nio-8080-exec-8] c.h.l.s.implement.AuthServiceImplement   : Đăng nhập thất bại cho email: 1250040316@sv.hcmunre.edu.vn
2026-05-18T01:55:21.550+07:00  INFO 13912 --- [quanlythuvien] [main] c.h.library.LibraryBackendApplication    : Starting LibraryBackendApplication using Java 17.0.12 with PID 13912 (C:\Users\Admin\Desktop\workSpace\MNM_PJ2\OPEN_SOURCE-WEB_APP-MANAGEMENT-LIBRARY\backend\target\classes started by Admin in C:\Users\Admin\Desktop\workSpace\MNM_PJ2\OPEN_SOURCE-WEB_APP-MANAGEMENT-LIBRARY)
2026-05-18T01:55:21.554+07:00  INFO 13912 --- [quanlythuvien] [main] c.h.library.LibraryBackendApplication    : No active profile set, falling back to 1 default profile: "default"
2026-05-18T01:55:22.425+07:00  INFO 13912 --- [quanlythuvien] [main] .s.d.r.c.RepositoryConfigurationDelegate : Bootstrapping Spring Data JPA repositories in DEFAULT mode.
2026-05-18T01:55:22.543+07:00  INFO 13912 --- [quanlythuvien] [main] .s.d.r.c.RepositoryConfigurationDelegate : Finished Spring Data repository scanning in 106 ms. Found 15 JPA repository interfaces.
2026-05-18T01:55:23.298+07:00  INFO 13912 --- [quanlythuvien] [main] o.s.boot.tomcat.TomcatWebServer          : Tomcat initialized with port 8080 (http)
2026-05-18T01:55:23.319+07:00  INFO 13912 --- [quanlythuvien] [main] o.apache.catalina.core.StandardService   : Starting service [Tomcat]
2026-05-18T01:55:23.321+07:00  INFO 13912 --- [quanlythuvien] [main] o.apache.catalina.core.StandardEngine    : Starting Servlet engine: [Apache Tomcat/11.0.20]
2026-05-18T01:55:23.416+07:00  INFO 13912 --- [quanlythuvien] [main] b.w.c.s.WebApplicationContextInitializer : Root WebApplicationContext: initialization completed in 1797 ms
2026-05-18T01:55:23.604+07:00  INFO 13912 --- [quanlythuvien] [main] org.hibernate.orm.jpa                    : HHH008540: Processing PersistenceUnitInfo [name: default]
2026-05-18T01:55:23.680+07:00  INFO 13912 --- [quanlythuvien] [main] org.hibernate.orm.core                   : HHH000001: Hibernate ORM core version 7.2.7.Final
2026-05-18T01:55:24.404+07:00  INFO 13912 --- [quanlythuvien] [main] o.s.o.j.p.SpringPersistenceUnitInfo      : No LoadTimeWeaver setup: ignoring JPA class transformer
2026-05-18T01:55:24.433+07:00  INFO 13912 --- [quanlythuvien] [main] com.zaxxer.hikari.HikariDataSource       : HikariPool-1 - Starting...
2026-05-18T01:55:24.620+07:00  INFO 13912 --- [quanlythuvien] [main] com.zaxxer.hikari.pool.HikariPool        : HikariPool-1 - Added connection org.postgresql.jdbc.PgConnection@27dc81be
2026-05-18T01:55:24.622+07:00  INFO 13912 --- [quanlythuvien] [main] com.zaxxer.hikari.HikariDataSource       : HikariPool-1 - Start completed.
2026-05-18T01:55:24.703+07:00  INFO 13912 --- [quanlythuvien] [main] org.hibernate.orm.connections.pooling    : HHH10001005: Database info:
	Database JDBC URL [jdbc:postgresql://localhost:5432/quanlythuvien]
	Database driver: PostgreSQL JDBC Driver
	Database dialect: PostgreSQLDialect
	Database version: 18.1
	Default catalog/schema: quanlythuvien/public
	Autocommit mode: undefined/unknown
	Isolation level: READ_COMMITTED [default READ_COMMITTED]
	JDBC fetch size: none
	Pool: DataSourceConnectionProvider
	Minimum pool size: undefined/unknown
	Maximum pool size: undefined/unknown
2026-05-18T01:55:25.857+07:00  INFO 13912 --- [quanlythuvien] [main] org.hibernate.orm.core                   : HHH000489: No JTA platform available (set 'hibernate.transaction.jta.platform' to enable JTA platform integration)
2026-05-18T01:55:25.941+07:00  INFO 13912 --- [quanlythuvien] [main] j.LocalContainerEntityManagerFactoryBean : Initialized JPA EntityManagerFactory for persistence unit 'default'
2026-05-18T01:55:26.010+07:00  INFO 13912 --- [quanlythuvien] [main] o.s.d.j.r.query.QueryEnhancerFactories   : Hibernate is in classpath; If applicable, HQL parser will be used.
2026-05-18T01:55:27.840+07:00  INFO 13912 --- [quanlythuvien] [main] eAuthenticationProviderManagerConfigurer : Global AuthenticationManager configured with AuthenticationProvider bean with name authenticationProvider
2026-05-18T01:55:27.841+07:00  WARN 13912 --- [quanlythuvien] [main] r$InitializeUserDetailsManagerConfigurer : Global AuthenticationManager configured with an AuthenticationProvider bean. UserDetailsService beans will not be used by Spring Security for automatically configuring username/password login. Consider removing the AuthenticationProvider bean. Alternatively, consider using the UserDetailsService in a manually instantiated DaoAuthenticationProvider. If the current configuration is intentional, to turn off this warning, increase the logging level of 'org.springframework.security.config.annotation.authentication.configuration.InitializeUserDetailsBeanManagerConfigurer' to ERROR
2026-05-18T01:55:28.282+07:00  WARN 13912 --- [quanlythuvien] [main] JpaBaseConfiguration$JpaWebConfiguration : spring.jpa.open-in-view is enabled by default. Therefore, database queries may be performed during view rendering. Explicitly configure spring.jpa.open-in-view to disable this warning
2026-05-18T01:55:29.046+07:00  INFO 13912 --- [quanlythuvien] [main] o.s.boot.tomcat.TomcatWebServer          : Tomcat started on port 8080 (http) with context path '/'
2026-05-18T01:55:29.059+07:00  INFO 13912 --- [quanlythuvien] [main] c.h.library.LibraryBackendApplication    : Started LibraryBackendApplication in 7.981 seconds (process running for 8.406)
2026-05-18T01:55:29.242+07:00  INFO 13912 --- [quanlythuvien] [main] com.hcmunre.library.config.DataSeeder    : ℹ️ Bảng người dùng đã có dữ liệu — bỏ qua seed users
2026-05-18T01:55:33.754+07:00  INFO 13912 --- [quanlythuvien] [http-nio-8080-exec-1] o.a.c.c.C.[Tomcat].[localhost].[/]       : Initializing Spring DispatcherServlet 'dispatcherServlet'
2026-05-18T01:55:33.754+07:00  INFO 13912 --- [quanlythuvien] [http-nio-8080-exec-1] o.s.web.servlet.DispatcherServlet        : Initializing Servlet 'dispatcherServlet'
2026-05-18T01:55:33.757+07:00  INFO 13912 --- [quanlythuvien] [http-nio-8080-exec-1] o.s.web.servlet.DispatcherServlet        : Completed initialization in 1 ms
2026-05-18T01:55:34.084+07:00  WARN 13912 --- [quanlythuvien] [http-nio-8080-exec-1] c.h.l.s.implement.AuthServiceImplement   : Đăng nhập thất bại cho email: 1250040316@sv.hcmunre.edu.vn
2026-05-18T01:55:46.290+07:00  INFO 13912 --- [quanlythuvien] [http-nio-8080-exec-4] c.h.l.s.implement.AuthServiceImplement   : Đăng nhập thành công cho email: thuvien@library.edu.vn
2026-05-18T01:55:49.714+07:00  WARN 13912 --- [quanlythuvien] [http-nio-8080-exec-7] ration$PageModule$WarningLoggingModifier : Serializing PageImpl instances as-is is not supported, meaning that there is no guarantee about the stability of the resulting JSON structure!
	For a stable JSON structure, please use Spring Data's PagedModel (globally via @EnableSpringDataWebSupport(pageSerializationMode = VIA_DTO))
	or Spring HATEOAS and Spring Data's PagedResourcesAssembler as documented in https://docs.spring.io/spring-data/commons/reference/repositories/core-extensions.html#core.web.pageables.

2026-05-18T01:56:02.269+07:00  WARN 13912 --- [quanlythuvien] [http-nio-8080-exec-1] c.h.l.s.implement.AuthServiceImplement   : Đăng nhập thất bại cho email: 1250040316@sv.hcmunre.edu.vn
2026-05-18T01:56:19.364+07:00  INFO 13912 --- [quanlythuvien] [http-nio-8080-exec-4] c.h.l.s.implement.AuthServiceImplement   : Đăng nhập thành công cho email: admin@library.edu.vn
2026-05-18T01:56:39.166+07:00  WARN 13912 --- [quanlythuvien] [http-nio-8080-exec-8] c.h.l.s.implement.AuthServiceImplement   : Đăng nhập thất bại cho email: 1250080027@sv.hcmunre.edu.vn
2026-05-18T01:58:05.061+07:00  WARN 13912 --- [quanlythuvien] [http-nio-8080-exec-4] c.h.l.s.implement.AuthServiceImplement   : Đăng nhập thất bại cho email: 1250080027@sv.hcmunre.edu.vn
2026-05-18T01:58:20.558+07:00  WARN 13912 --- [quanlythuvien] [http-nio-8080-exec-3] c.h.l.s.implement.AuthServiceImplement   : Đăng nhập thất bại cho email: 1250080027@sv.hcmunre.edu.vn
2026-05-18T01:59:03.393+07:00  INFO 13912 --- [quanlythuvien] [http-nio-8080-exec-6] c.h.l.s.implement.AuthServiceImplement   : Đăng nhập thành công cho email: admin@library.edu.vn
2026-05-18T02:00:00.003+07:00  INFO 13912 --- [quanlythuvien] [scheduling-1] c.h.library.scheduler.DatChoScheduler    : CronJob: Đang quét các đặt chỗ quá hạn...
2026-05-18T02:00:00.027+07:00  INFO 13912 --- [quanlythuvien] [scheduling-1] c.h.library.scheduler.DatChoScheduler    : CronJob: Đã hủy 0 lượt đặt chỗ quá hạn.
2026-05-18T02:07:43.808+07:00  WARN 13912 --- [quanlythuvien] [http-nio-8080-exec-10] org.hibernate.orm.jdbc.error             : HHH000247: ErrorCode: 0, SQLState: 23514
2026-05-18T02:07:43.809+07:00  WARN 13912 --- [quanlythuvien] [http-nio-8080-exec-10] org.hibernate.orm.jdbc.error             : ERROR: new row for relation "nguoi_dung" violates check constraint "nguoi_dung_trang_thai_check"
  Detail: Failing row contains (null, 2026-05-18 02:07:43.781886, 2026-05-18 02:07:43.781886, null, 8c5aab0e-b407-4299-9636-99b987147edb, null, null, danh.nv@library.edu.vn, null, Nguyen Van, $2a$10$7/vuwgdryxe.3wBPXiTsEuN9rNJ.lPgldbUpSYBUi6ODJMoH/mn82, 0912345678, Danh, CHUA_KICH_HOAT, DOC_GIA, null).
2026-05-18T02:09:08.487+07:00  WARN 13912 --- [quanlythuvien] [http-nio-8080-exec-6] org.hibernate.orm.jdbc.error             : HHH000247: ErrorCode: 0, SQLState: 23514
2026-05-18T02:09:08.488+07:00  WARN 13912 --- [quanlythuvien] [http-nio-8080-exec-6] org.hibernate.orm.jdbc.error             : ERROR: new row for relation "nguoi_dung" violates check constraint "nguoi_dung_trang_thai_check"
  Detail: Failing row contains (null, 2026-05-18 02:09:08.484468, 2026-05-18 02:09:08.484468, null, 86877e4b-4f35-47ce-b834-4c1b346ded59, null, null, danh.nv@library.edu.vn, null, Nguyen Van, $2a$10$dVUEtLtzOMepEqbb/6AM..5Ew6wA5EsSuNB4WIoxL1wqg.b0sGRWe, 0912345678, Danh, CHUA_KICH_HOAT, DOC_GIA, null).
2026-05-18T02:09:39.692+07:00  WARN 13912 --- [quanlythuvien] [http-nio-8080-exec-7] org.hibernate.orm.jdbc.error             : HHH000247: ErrorCode: 0, SQLState: 23514
2026-05-18T02:09:39.693+07:00  WARN 13912 --- [quanlythuvien] [http-nio-8080-exec-7] org.hibernate.orm.jdbc.error             : ERROR: new row for relation "nguoi_dung" violates check constraint "nguoi_dung_trang_thai_check"
  Detail: Failing row contains (null, 2026-05-18 02:09:39.68944, 2026-05-18 02:09:39.68944, null, be121cbc-f282-4c85-9702-e5db1e88a94a, null, null, danh.nv12@library.edu.vn, null, Nguyen Van, $2a$10$pU5m.Rwl9.zpmnth3gAm8enrZZIWIjQUJrPyptnZZXh3GsU6tD0q., 0912345675, Danh, CHUA_KICH_HOAT, DOC_GIA, null).
2026-05-18T02:11:01.395+07:00  WARN 13912 --- [quanlythuvien] [http-nio-8080-exec-9] org.hibernate.orm.jdbc.error             : HHH000247: ErrorCode: 0, SQLState: 23514
2026-05-18T02:11:01.396+07:00  WARN 13912 --- [quanlythuvien] [http-nio-8080-exec-9] org.hibernate.orm.jdbc.error             : ERROR: new row for relation "nguoi_dung" violates check constraint "nguoi_dung_trang_thai_check"
  Detail: Failing row contains (null, 2026-05-18 02:11:01.393288, 2026-05-18 02:11:01.393288, null, 37b66b98-fa9a-4c64-9b61-e2a07b339196, null, null, 1259999999@sv.hcmunre.edu.vn, null, Nguyen Van, $2a$10$XXo04sa22L4RatJVAJwnOuFSqm93zh6spDF575NVv84Chz57q021., 0259999999, Danh, CHUA_KICH_HOAT, DOC_GIA, null).
2026-05-18T02:11:19.137+07:00  WARN 13912 --- [quanlythuvien] [http-nio-8080-exec-10] org.hibernate.orm.jdbc.error             : HHH000247: ErrorCode: 0, SQLState: 23514
2026-05-18T02:11:19.138+07:00  WARN 13912 --- [quanlythuvien] [http-nio-8080-exec-10] org.hibernate.orm.jdbc.error             : ERROR: new row for relation "nguoi_dung" violates check constraint "nguoi_dung_trang_thai_check"
  Detail: Failing row contains (null, 2026-05-18 02:11:19.134454, 2026-05-18 02:11:19.134454, null, 603d1409-3607-4f0b-acd0-93bdc42168ce, null, null, 1259999999@sv.hcmunre.edu.vn, null, Nguyen Van, $2a$10$soYY6MDHIdiBt.iNTaU.9OC5dI4NJevnuE87DIvDO3IE8vXh2C1zy, 0259999999, Danh, CHUA_KICH_HOAT, DOC_GIA, null).
2026-05-18T02:12:34.293+07:00  WARN 13912 --- [quanlythuvien] [http-nio-8080-exec-1] org.hibernate.orm.jdbc.error             : HHH000247: ErrorCode: 0, SQLState: 23514
2026-05-18T02:12:34.295+07:00  WARN 13912 --- [quanlythuvien] [http-nio-8080-exec-1] org.hibernate.orm.jdbc.error             : ERROR: new row for relation "nguoi_dung" violates check constraint "nguoi_dung_trang_thai_check"
  Detail: Failing row contains (null, 2026-05-18 02:12:34.288134, 2026-05-18 02:12:34.288664, null, 1f2e7d39-8d37-4404-9b57-14afc5a07cf8, null, null, 1259999999@sv.hcmunre.edu.vn, null, Nguyen Van, $2a$10$aefeJnKlB0jJEFU1v7T5B.BjRz5j9883S26nkWa5wYt51ET.fdjz2, 0259999999, Danh, CHUA_KICH_HOAT, DOC_GIA, null).
2026-05-18T02:13:00.771+07:00  WARN 13912 --- [quanlythuvien] [http-nio-8080-exec-2] org.hibernate.orm.jdbc.error             : HHH000247: ErrorCode: 0, SQLState: 23514
2026-05-18T02:13:00.773+07:00  WARN 13912 --- [quanlythuvien] [http-nio-8080-exec-2] org.hibernate.orm.jdbc.error             : ERROR: new row for relation "nguoi_dung" violates check constraint "nguoi_dung_trang_thai_check"
  Detail: Failing row contains (null, 2026-05-18 02:13:00.768052, 2026-05-18 02:13:00.768052, null, ea05d672-3d9e-4d5d-b011-9c1896e07ede, null, null, 1259999999@sv.hcmunre.edu.vn, null, Nguyen Van, $2a$10$YLCZQlRa6Yv8prbyKbY4UOVMgAIpBfckq.oj.aRjoebPUeWrduja., 0259999999, Danh, CHUA_KICH_HOAT, DOC_GIA, null).
2026-05-18T02:14:34.609+07:00  WARN 13912 --- [quanlythuvien] [http-nio-8080-exec-4] org.hibernate.orm.jdbc.error             : HHH000247: ErrorCode: 0, SQLState: 23514
2026-05-18T02:14:34.611+07:00  WARN 13912 --- [quanlythuvien] [http-nio-8080-exec-4] org.hibernate.orm.jdbc.error             : ERROR: new row for relation "nguoi_dung" violates check constraint "nguoi_dung_trang_thai_check"
  Detail: Failing row contains (null, 2026-05-18 02:14:34.607215, 2026-05-18 02:14:34.607215, null, db792bf7-6994-4381-b900-faf327f4b9f8, null, null, 1259999999@sv.hcmunre.edu.vn, null, Nguyen Van, $2a$10$WVZM.0OcgLaIoLfHk3c7xuTNrW/Ny41kY5K50Al0RzKH59aROZKLC, 0259999999, Danh, CHUA_KICH_HOAT, DOC_GIA, null).
2026-05-18T02:16:35.497+07:00  INFO 13912 --- [quanlythuvien] [http-nio-8080-exec-3] c.h.l.s.implement.AuthServiceImplement   : Đăng nhập thành công cho email: thuvien@library.edu.vn
2026-05-18T02:16:52.207+07:00  INFO 13912 --- [quanlythuvien] [http-nio-8080-exec-5] c.h.l.s.implement.AuthServiceImplement   : Đăng nhập thành công cho email: thuvien@library.edu.vn
2026-05-18T02:17:01.783+07:00  INFO 13912 --- [quanlythuvien] [http-nio-8080-exec-8] c.h.l.s.implement.AuthServiceImplement   : Đăng nhập thành công cho email: thuvien@library.edu.vn
2026-05-18T02:17:24.911+07:00  INFO 13912 --- [quanlythuvien] [http-nio-8080-exec-10] c.h.l.s.implement.AuthServiceImplement   : Đăng nhập thành công cho email: admin@library.edu.vn
2026-05-18T02:17:41.091+07:00  INFO 13912 --- [quanlythuvien] [http-nio-8080-exec-2] c.h.l.s.implement.AuthServiceImplement   : Đăng nhập thành công cho email: admin@library.edu.vn
2026-05-18T02:17:41.168+07:00  WARN 13912 --- [quanlythuvien] [http-nio-8080-exec-4] org.hibernate.orm.jdbc.error             : HHH000247: ErrorCode: 0, SQLState: 23514
2026-05-18T02:17:41.168+07:00  WARN 13912 --- [quanlythuvien] [http-nio-8080-exec-4] org.hibernate.orm.jdbc.error             : ERROR: new row for relation "nguoi_dung" violates check constraint "nguoi_dung_trang_thai_check"
  Detail: Failing row contains (null, 2026-05-18 02:17:41.167141, 2026-05-18 02:17:41.167141, null, 54d03aa3-4550-4307-9d51-8b66ed4c6c17, null, null, danhtest.nv@library.edu.vn, null, Nguy?n Van, $2a$10$ZZetuwvMMQ2xcMrImGXCmeQ/6ZB/ymXJ6hNGRl7uogZGRRIRPArbm, 0989998888, Danh Test, CHUA_KICH_HOAT, DOC_GIA, null).
2026-05-18T02:19:29.579+07:00  INFO 13912 --- [quanlythuvien] [http-nio-8080-exec-3] c.h.l.s.implement.AuthServiceImplement   : Đăng nhập thành công cho email: admin@library.edu.vn
2026-05-18T02:19:29.654+07:00  WARN 13912 --- [quanlythuvien] [http-nio-8080-exec-6] org.hibernate.orm.jdbc.error             : HHH000247: ErrorCode: 0, SQLState: 23514
2026-05-18T02:19:29.654+07:00  WARN 13912 --- [quanlythuvien] [http-nio-8080-exec-6] org.hibernate.orm.jdbc.error             : ERROR: new row for relation "nguoi_dung" violates check constraint "nguoi_dung_trang_thai_check"
  Detail: Failing row contains (null, 2026-05-18 02:19:29.653185, 2026-05-18 02:19:29.653185, null, 428d6717-af76-4152-820b-85993678976b, null, null, danhtest.nv@library.edu.vn, null, Nguy?n Van, $2a$10$jGAM9VG3jDw/g/w2sQaqUOCuGRhYytyXmQc58IFja7.Nke8g0vOaa, 0989998888, Danh Test, CHUA_KICH_HOAT, DOC_GIA, null).
2026-05-18T13:51:12.163+07:00  INFO 18372 --- [quanlythuvien] [main] c.h.library.LibraryBackendApplication    : Starting LibraryBackendApplication using Java 17.0.12 with PID 18372 (C:\Users\Admin\Desktop\workSpace\MNM_PJ2\OPEN_SOURCE-WEB_APP-MANAGEMENT-LIBRARY\backend\target\classes started by Admin in C:\Users\Admin\Desktop\workSpace\MNM_PJ2\OPEN_SOURCE-WEB_APP-MANAGEMENT-LIBRARY)
2026-05-18T13:51:12.166+07:00  INFO 18372 --- [quanlythuvien] [main] c.h.library.LibraryBackendApplication    : No active profile set, falling back to 1 default profile: "default"
2026-05-18T13:51:12.994+07:00  INFO 18372 --- [quanlythuvien] [main] .s.d.r.c.RepositoryConfigurationDelegate : Bootstrapping Spring Data JPA repositories in DEFAULT mode.
2026-05-18T13:51:13.103+07:00  INFO 18372 --- [quanlythuvien] [main] .s.d.r.c.RepositoryConfigurationDelegate : Finished Spring Data repository scanning in 92 ms. Found 15 JPA repository interfaces.
2026-05-18T13:51:13.919+07:00  INFO 18372 --- [quanlythuvien] [main] o.s.boot.tomcat.TomcatWebServer          : Tomcat initialized with port 8080 (http)
2026-05-18T13:51:13.951+07:00  INFO 18372 --- [quanlythuvien] [main] o.apache.catalina.core.StandardService   : Starting service [Tomcat]
2026-05-18T13:51:13.952+07:00  INFO 18372 --- [quanlythuvien] [main] o.apache.catalina.core.StandardEngine    : Starting Servlet engine: [Apache Tomcat/11.0.20]
2026-05-18T13:51:14.058+07:00  INFO 18372 --- [quanlythuvien] [main] b.w.c.s.WebApplicationContextInitializer : Root WebApplicationContext: initialization completed in 1831 ms
2026-05-18T13:51:14.384+07:00  INFO 18372 --- [quanlythuvien] [main] org.hibernate.orm.jpa                    : HHH008540: Processing PersistenceUnitInfo [name: default]
2026-05-18T13:51:14.499+07:00  INFO 18372 --- [quanlythuvien] [main] org.hibernate.orm.core                   : HHH000001: Hibernate ORM core version 7.2.7.Final
2026-05-18T13:51:14.999+07:00  INFO 18372 --- [quanlythuvien] [main] o.s.o.j.p.SpringPersistenceUnitInfo      : No LoadTimeWeaver setup: ignoring JPA class transformer
2026-05-18T13:51:15.028+07:00  INFO 18372 --- [quanlythuvien] [main] com.zaxxer.hikari.HikariDataSource       : HikariPool-1 - Starting...
2026-05-18T13:51:15.239+07:00  INFO 18372 --- [quanlythuvien] [main] com.zaxxer.hikari.pool.HikariPool        : HikariPool-1 - Added connection org.postgresql.jdbc.PgConnection@7f1fec57
2026-05-18T13:51:15.240+07:00  INFO 18372 --- [quanlythuvien] [main] com.zaxxer.hikari.HikariDataSource       : HikariPool-1 - Start completed.
2026-05-18T13:51:15.337+07:00  INFO 18372 --- [quanlythuvien] [main] org.hibernate.orm.connections.pooling    : HHH10001005: Database info:
	Database JDBC URL [jdbc:postgresql://localhost:5432/quanlythuvien]
	Database driver: PostgreSQL JDBC Driver
	Database dialect: PostgreSQLDialect
	Database version: 18.1
	Default catalog/schema: quanlythuvien/public
	Autocommit mode: undefined/unknown
	Isolation level: READ_COMMITTED [default READ_COMMITTED]
	JDBC fetch size: none
	Pool: DataSourceConnectionProvider
	Minimum pool size: undefined/unknown
	Maximum pool size: undefined/unknown
2026-05-18T13:51:16.553+07:00  INFO 18372 --- [quanlythuvien] [main] org.hibernate.orm.core                   : HHH000489: No JTA platform available (set 'hibernate.transaction.jta.platform' to enable JTA platform integration)
2026-05-18T13:51:16.699+07:00  INFO 18372 --- [quanlythuvien] [main] j.LocalContainerEntityManagerFactoryBean : Initialized JPA EntityManagerFactory for persistence unit 'default'
2026-05-18T13:51:16.767+07:00  INFO 18372 --- [quanlythuvien] [main] o.s.d.j.r.query.QueryEnhancerFactories   : Hibernate is in classpath; If applicable, HQL parser will be used.
2026-05-18T13:51:17.115+07:00  INFO 18372 --- [quanlythuvien] [main] eAuthenticationProviderManagerConfigurer : Global AuthenticationManager configured with AuthenticationProvider bean with name authenticationProvider
2026-05-18T13:51:17.116+07:00  WARN 18372 --- [quanlythuvien] [main] r$InitializeUserDetailsManagerConfigurer : Global AuthenticationManager configured with an AuthenticationProvider bean. UserDetailsService beans will not be used by Spring Security for automatically configuring username/password login. Consider removing the AuthenticationProvider bean. Alternatively, consider using the UserDetailsService in a manually instantiated DaoAuthenticationProvider. If the current configuration is intentional, to turn off this warning, increase the logging level of 'org.springframework.security.config.annotation.authentication.configuration.InitializeUserDetailsBeanManagerConfigurer' to ERROR
2026-05-18T13:51:18.974+07:00  WARN 18372 --- [quanlythuvien] [main] JpaBaseConfiguration$JpaWebConfiguration : spring.jpa.open-in-view is enabled by default. Therefore, database queries may be performed during view rendering. Explicitly configure spring.jpa.open-in-view to disable this warning
2026-05-18T13:51:19.783+07:00  INFO 18372 --- [quanlythuvien] [main] o.s.boot.tomcat.TomcatWebServer          : Tomcat started on port 8080 (http) with context path '/'
2026-05-18T13:51:19.796+07:00  INFO 18372 --- [quanlythuvien] [main] c.h.library.LibraryBackendApplication    : Started LibraryBackendApplication in 8.115 seconds (process running for 8.535)
2026-05-18T13:51:33.722+07:00  INFO 18372 --- [quanlythuvien] [http-nio-8080-exec-1] o.a.c.c.C.[Tomcat].[localhost].[/]       : Initializing Spring DispatcherServlet 'dispatcherServlet'
2026-05-18T13:51:33.722+07:00  INFO 18372 --- [quanlythuvien] [http-nio-8080-exec-1] o.s.web.servlet.DispatcherServlet        : Initializing Servlet 'dispatcherServlet'
2026-05-18T13:51:33.725+07:00  INFO 18372 --- [quanlythuvien] [http-nio-8080-exec-1] o.s.web.servlet.DispatcherServlet        : Completed initialization in 1 ms
2026-05-18T13:51:33.978+07:00  WARN 18372 --- [quanlythuvien] [http-nio-8080-exec-1] ration$PageModule$WarningLoggingModifier : Serializing PageImpl instances as-is is not supported, meaning that there is no guarantee about the stability of the resulting JSON structure!
	For a stable JSON structure, please use Spring Data's PagedModel (globally via @EnableSpringDataWebSupport(pageSerializationMode = VIA_DTO))
	or Spring HATEOAS and Spring Data's PagedResourcesAssembler as documented in https://docs.spring.io/spring-data/commons/reference/repositories/core-extensions.html#core.web.pageables.

2026-05-18T13:55:24.849+07:00  INFO 18372 --- [quanlythuvien] [http-nio-8080-exec-5] c.h.l.s.implement.AuthServiceImplement   : Đăng nhập thành công cho email: admin@library.edu.vn
